2025-06-28 09:56:51,317 - ERROR - Failed to fetch current price: [Errno 11004] getaddrinfo failed
2025-06-28 09:56:51,322 - INFO - Processing trade message: {'id': 'Sell', 'action': 'sell', 'marketPosition': 'short', 'prevMarketPosition': 'long', 'marketPositionSize': '1', 'prevMarketPositionSize': '1', 'instrument': 'NEARUSDT', 'signalToken': 'p26q0rz/fkkZW6nU+99/QqX5YBrpddXYNiMruwOrXlT79l/wDDFyI5EkvUtkob6J2kb7DdueXLgB59tPzYqFPA==', 'timestamp': '2025-06-27T11:30:02Z', 'maxLag': '300', 'investmentType': 'base', 'amount': '2'}
2025-06-28 09:56:51,323 - ERROR - Failed to fetch current price: [Errno 11004] getaddrinfo failed
2025-06-28 09:56:51,325 - INFO - Processing trade message: {'id': 'Buy', 'action': 'buy', 'marketPosition': 'long', 'prevMarketPosition': 'short', 'marketPositionSize': '0.1', 'prevMarketPositionSize': '0.1', 'instrument': 'AAVEUSDT.P', 'signalToken': 'p26q0rz/fkkZW6nU+99/QqX5YBrpddXYNiMruwOrXlT79l/wDDFyI5EkvUtkob6J2kb7DdueXLgB59tPzYqFPA==', 'timestamp': '2025-06-27T12:00:00Z', 'maxLag': '300', 'investmentType': 'base', 'amount': '0.2'}
2025-06-28 09:56:51,326 - ERROR - Failed to fetch current price: [Errno 11004] getaddrinfo failed
2025-06-28 09:56:51,326 - INFO - Processing trade message: {'id': 'Sell', 'action': 'sell', 'marketPosition': 'short', 'prevMarketPosition': 'long', 'marketPositionSize': '1', 'prevMarketPositionSize': '1', 'instrument': 'FETUSDT', 'signalToken': 'p26q0rz/fkkZW6nU+99/QqX5YBrpddXYNiMruwOrXlT79l/wDDFyI5EkvUtkob6J2kb7DdueXLgB59tPzYqFPA==', 'timestamp': '2025-06-27T12:00:15Z', 'maxLag': '300', 'investmentType': 'base', 'amount': '2'}
2025-06-28 09:56:51,328 - ERROR - Failed to fetch current price: [Errno 11004] getaddrinfo failed
2025-06-28 09:56:51,328 - INFO - Processing trade message: {'id': 'Buy', 'action': 'buy', 'marketPosition': 'long', 'prevMarketPosition': 'long', 'marketPositionSize': '2', 'prevMarketPositionSize': '1', 'instrument': 'AI16ZUSDT', 'signalToken': 'p26q0rz/fkkZW6nU+99/QqX5YBrpddXYNiMruwOrXlT79l/wDDFyI5EkvUtkob6J2kb7DdueXLgB59tPzYqFPA==', 'timestamp': '2025-06-27T12:15:00Z', 'maxLag': '300', 'investmentType': 'base', 'amount': '1'}
2025-06-28 09:56:51,330 - ERROR - Failed to fetch current price: [Errno 11004] getaddrinfo failed
2025-06-28 09:56:51,330 - INFO - Processing trade message: {'id': 'Sell', 'action': 'sell', 'marketPosition': 'short', 'prevMarketPosition': 'long', 'marketPositionSize': '1', 'prevMarketPositionSize': '1', 'instrument': 'BCHUSDT', 'signalToken': 'p26q0rz/fkkZW6nU+99/QqX5YBrpddXYNiMruwOrXlT79l/wDDFyI5EkvUtkob6J2kb7DdueXLgB59tPzYqFPA==', 'timestamp': '2025-06-27T12:15:15Z', 'maxLag': '300', 'investmentType': 'base', 'amount': '2'}
2025-06-28 09:56:55,976 - ERROR - Failed to fetch current price: [Errno 11004] getaddrinfo failed
2025-06-28 09:56:55,977 - INFO - Processing trade message: {'id': 'Buy', 'action': 'buy', 'marketPosition': 'long', 'prevMarketPosition': 'short', 'marketPositionSize': '1', 'prevMarketPositionSize': '1', 'instrument': 'LINKUSDT.P', 'signalToken': 'p26q0rz/fkkZW6nU+99/QqX5YBrpddXYNiMruwOrXlT79l/wDDFyI5EkvUtkob6J2kb7DdueXLgB59tPzYqFPA==', 'timestamp': '2025-06-27T12:30:00Z', 'maxLag': '300', 'investmentType': 'base', 'amount': '2'}
2025-06-28 09:56:55,978 - ERROR - Failed to fetch current price: [Errno 11004] getaddrinfo failed
2025-06-28 09:56:55,978 - INFO - Processing trade message: {'id': 'Buy', 'action': 'buy', 'marketPosition': 'long', 'prevMarketPosition': 'long', 'marketPositionSize': '2', 'prevMarketPositionSize': '1', 'instrument': 'BONKUSDT.P', 'signalToken': 'p26q0rz/fkkZW6nU+99/QqX5YBrpddXYNiMruwOrXlT79l/wDDFyI5EkvUtkob6J2kb7DdueXLgB59tPzYqFPA==', 'timestamp': '2025-06-27T12:30:00Z', 'maxLag': '300', 'investmentType': 'base', 'amount': '1'}
2025-06-28 09:56:55,979 - ERROR - Failed to fetch current price: [Errno 11004] getaddrinfo failed
2025-06-28 09:56:55,980 - INFO - Processing trade message: {'id': 'Buy', 'action': 'buy', 'marketPosition': 'long', 'prevMarketPosition': 'short', 'marketPositionSize': '1', 'prevMarketPositionSize': '1', 'instrument': 'JASMYUSDT', 'signalToken': 'p26q0rz/fkkZW6nU+99/QqX5YBrpddXYNiMruwOrXlT79l/wDDFyI5EkvUtkob6J2kb7DdueXLgB59tPzYqFPA==', 'timestamp': '2025-06-27T12:30:00Z', 'maxLag': '300', 'investmentType': 'base', 'amount': '2'}
2025-06-28 09:56:55,981 - ERROR - Failed to fetch current price: [Errno 11004] getaddrinfo failed
2025-06-28 09:56:55,981 - INFO - Processing trade message: {'id': 'Buy', 'action': 'buy', 'marketPosition': 'long', 'prevMarketPosition': 'short', 'marketPositionSize': '1', 'prevMarketPositionSize': '1', 'instrument': 'FLOKIUSDT', 'signalToken': 'p26q0rz/fkkZW6nU+99/QqX5YBrpddXYNiMruwOrXlT79l/wDDFyI5EkvUtkob6J2kb7DdueXLgB59tPzYqFPA==', 'timestamp': '2025-06-27T12:30:03Z', 'maxLag': '300', 'investmentType': 'base', 'amount': '2'}
2025-06-28 09:57:00,460 - ERROR - Failed to fetch current price: [Errno 11004] getaddrinfo failed
2025-06-28 09:57:00,461 - INFO - Processing trade message: {'id': 'Sell', 'action': 'sell', 'marketPosition': 'short', 'prevMarketPosition': 'short', 'marketPositionSize': '3', 'prevMarketPositionSize': '2', 'instrument': 'SUIUSDT', 'signalToken': 'OPTION202505001', 'timestamp': '2025-06-27T12:45:00Z', 'maxLag': '300', 'investmentType': 'base', 'amount': '1', 'price': '2.6386', 'exchange': 'OKX', 'timeframe': '15', 'sendToTelegram': 'true', 'sendToX': 'true', 'extend': ''}
2025-06-28 09:57:00,462 - ERROR - Failed to fetch current price: [Errno 11004] getaddrinfo failed
2025-06-28 09:57:00,462 - INFO - Processing trade message: {'id': 'Sell', 'action': 'sell', 'marketPosition': 'short', 'prevMarketPosition': 'long', 'marketPositionSize': '1', 'prevMarketPositionSize': '1', 'instrument': 'JASMYUSDT', 'signalToken': 'p26q0rz/fkkZW6nU+99/QqX5YBrpddXYNiMruwOrXlT79l/wDDFyI5EkvUtkob6J2kb7DdueXLgB59tPzYqFPA==', 'timestamp': '2025-06-27T12:45:00Z', 'maxLag': '300', 'investmentType': 'base', 'amount': '2'}
2025-06-28 09:57:00,464 - ERROR - Failed to fetch current price: [Errno 11004] getaddrinfo failed
2025-06-28 09:57:00,464 - INFO - Processing trade message: {'id': 'Sell', 'action': 'sell', 'marketPosition': 'short', 'prevMarketPosition': 'long', 'marketPositionSize': '1', 'prevMarketPositionSize': '1', 'instrument': 'AVAXUSDT', 'signalToken': 'p26q0rz/fkkZW6nU+99/QqX5YBrpddXYNiMruwOrXlT79l/wDDFyI5EkvUtkob6J2kb7DdueXLgB59tPzYqFPA==', 'timestamp': '2025-06-27T12:45:16Z', 'maxLag': '300', 'investmentType': 'base', 'amount': '2'}
2025-06-28 09:57:04,089 - ERROR - Failed to fetch current price: [Errno 11004] getaddrinfo failed
2025-06-28 09:57:04,090 - INFO - Processing trade message: {'id': 'Sell', 'action': 'sell', 'marketPosition': 'short', 'prevMarketPosition': 'short', 'marketPositionSize': '2', 'prevMarketPositionSize': '1', 'instrument': 'LINKUSDT.P', 'signalToken': 'p26q0rz/fkkZW6nU+99/QqX5YBrpddXYNiMruwOrXlT79l/wDDFyI5EkvUtkob6J2kb7DdueXLgB59tPzYqFPA==', 'timestamp': '2025-06-27T13:00:01Z', 'maxLag': '300', 'investmentType': 'base', 'amount': '1'}
2025-06-28 09:57:04,093 - ERROR - Failed to fetch current price: [Errno 11004] getaddrinfo failed
2025-06-28 09:57:04,093 - INFO - Processing trade message: {'id': 'Sell', 'action': 'sell', 'marketPosition': 'short', 'prevMarketPosition': 'long', 'marketPositionSize': '1', 'prevMarketPositionSize': '1', 'instrument': 'RAYUSDT.P', 'signalToken': 'p26q0rz/fkkZW6nU+99/QqX5YBrpddXYNiMruwOrXlT79l/wDDFyI5EkvUtkob6J2kb7DdueXLgB59tPzYqFPA==', 'timestamp': '2025-06-27T13:00:01Z', 'maxLag': '300', 'investmentType': 'base', 'amount': '2'}
2025-06-28 09:57:04,095 - ERROR - Failed to fetch current price: [Errno 11004] getaddrinfo failed
2025-06-28 09:57:04,096 - INFO - Processing trade message: {'id': 'Sell', 'action': 'sell', 'marketPosition': 'short', 'prevMarketPosition': 'short', 'marketPositionSize': '2', 'prevMarketPositionSize': '1', 'instrument': 'PNUTUSDT', 'signalToken': 'p26q0rz/fkkZW6nU+99/QqX5YBrpddXYNiMruwOrXlT79l/wDDFyI5EkvUtkob6J2kb7DdueXLgB59tPzYqFPA==', 'timestamp': '2025-06-27T13:00:05Z', 'maxLag': '300', 'investmentType': 'base', 'amount': '1'}
2025-06-28 09:57:07,385 - ERROR - Failed to fetch current price: [Errno 11004] getaddrinfo failed
2025-06-28 09:57:07,386 - INFO - Processing trade message: {'id': 'Buy', 'action': 'buy', 'marketPosition': 'long', 'prevMarketPosition': 'short', 'marketPositionSize': '1', 'prevMarketPositionSize': '1', 'instrument': 'RAYUSDT.P', 'signalToken': 'p26q0rz/fkkZW6nU+99/QqX5YBrpddXYNiMruwOrXlT79l/wDDFyI5EkvUtkob6J2kb7DdueXLgB59tPzYqFPA==', 'timestamp': '2025-06-27T13:15:03Z', 'maxLag': '300', 'investmentType': 'base', 'amount': '2'}
2025-06-28 09:57:07,388 - ERROR - Failed to fetch current price: [Errno 11004] getaddrinfo failed
2025-06-28 09:57:07,389 - INFO - Processing trade message: {'id': 'Buy', 'action': 'buy', 'marketPosition': 'long', 'prevMarketPosition': 'long', 'marketPositionSize': '3', 'prevMarketPositionSize': '2', 'instrument': 'RENDERUSDT', 'signalToken': 'p26q0rz/fkkZW6nU+99/QqX5YBrpddXYNiMruwOrXlT79l/wDDFyI5EkvUtkob6J2kb7DdueXLgB59tPzYqFPA==', 'timestamp': '2025-06-27T13:15:10Z', 'maxLag': '300', 'investmentType': 'base', 'amount': '1'}
2025-06-28 09:57:12,067 - ERROR - Failed to fetch current price: [Errno 11004] getaddrinfo failed
2025-06-28 09:57:12,067 - INFO - Processing trade message: {'id': 'Buy', 'action': 'buy', 'marketPosition': 'long', 'prevMarketPosition': 'short', 'marketPositionSize': '1', 'prevMarketPositionSize': '2', 'instrument': 'DOTUSDT', 'signalToken': 'p26q0rz/fkkZW6nU+99/QqX5YBrpddXYNiMruwOrXlT79l/wDDFyI5EkvUtkob6J2kb7DdueXLgB59tPzYqFPA==', 'timestamp': '2025-06-27T14:00:01Z', 'maxLag': '300', 'investmentType': 'base', 'amount': '3'}
2025-06-28 09:57:12,069 - ERROR - Failed to fetch current price: [Errno 11004] getaddrinfo failed
2025-06-28 09:57:12,069 - INFO - Processing trade message: {'id': 'Buy', 'action': 'buy', 'marketPosition': 'long', 'prevMarketPosition': 'short', 'marketPositionSize': '1', 'prevMarketPositionSize': '2', 'instrument': 'PNUTUSDT', 'signalToken': 'p26q0rz/fkkZW6nU+99/QqX5YBrpddXYNiMruwOrXlT79l/wDDFyI5EkvUtkob6J2kb7DdueXLgB59tPzYqFPA==', 'timestamp': '2025-06-27T14:00:17Z', 'maxLag': '300', 'investmentType': 'base', 'amount': '3'}
2025-06-28 09:57:24,097 - ERROR - Failed to fetch current price: [Errno 11004] getaddrinfo failed
2025-06-28 09:57:24,097 - INFO - Processing trade message: {'id': 'Buy', 'action': 'buy', 'marketPosition': 'long', 'prevMarketPosition': 'short', 'marketPositionSize': '1', 'prevMarketPositionSize': '1', 'instrument': 'WIFUSDT', 'signalToken': 'p26q0rz/fkkZW6nU+99/QqX5YBrpddXYNiMruwOrXlT79l/wDDFyI5EkvUtkob6J2kb7DdueXLgB59tPzYqFPA==', 'timestamp': '2025-06-27T14:15:01Z', 'maxLag': '300', 'investmentType': 'base', 'amount': '2'}
2025-06-28 09:57:27,587 - ERROR - Failed to fetch current price: [Errno 11004] getaddrinfo failed
2025-06-28 09:57:27,587 - INFO - Processing trade message: {'id': 'Sell', 'action': 'sell', 'marketPosition': 'short', 'prevMarketPosition': 'long', 'marketPositionSize': '1', 'prevMarketPositionSize': '1', 'instrument': 'WIFUSDT', 'signalToken': 'p26q0rz/fkkZW6nU+99/QqX5YBrpddXYNiMruwOrXlT79l/wDDFyI5EkvUtkob6J2kb7DdueXLgB59tPzYqFPA==', 'timestamp': '2025-06-27T15:00:01Z', 'maxLag': '300', 'investmentType': 'base', 'amount': '2'}
2025-06-28 09:57:31,397 - ERROR - Failed to fetch current price: [Errno 11004] getaddrinfo failed
2025-06-28 09:57:31,397 - INFO - Processing trade message: {'id': 'Buy', 'action': 'buy', 'marketPosition': 'long', 'prevMarketPosition': 'short', 'marketPositionSize': '1', 'prevMarketPositionSize': '1', 'instrument': 'BCHUSDT', 'signalToken': 'p26q0rz/fkkZW6nU+99/QqX5YBrpddXYNiMruwOrXlT79l/wDDFyI5EkvUtkob6J2kb7DdueXLgB59tPzYqFPA==', 'timestamp': '2025-06-27T15:15:16Z', 'maxLag': '300', 'investmentType': 'base', 'amount': '2'}
2025-06-28 09:57:31,398 - ERROR - Failed to fetch current price: [Errno 11004] getaddrinfo failed
2025-06-28 09:57:31,399 - INFO - Processing trade message: {'id': 'Buy', 'action': 'buy', 'marketPosition': 'long', 'prevMarketPosition': 'short', 'marketPositionSize': '1', 'prevMarketPositionSize': '2', 'instrument': 'OKBUSDT', 'signalToken': 'p26q0rz/fkkZW6nU+99/QqX5YBrpddXYNiMruwOrXlT79l/wDDFyI5EkvUtkob6J2kb7DdueXLgB59tPzYqFPA==', 'timestamp': '2025-06-27T15:31:02Z', 'maxLag': '300', 'investmentType': 'base', 'amount': '3'}
2025-06-28 09:57:31,400 - ERROR - Failed to fetch current price: [Errno 11004] getaddrinfo failed
2025-06-28 09:57:31,400 - INFO - Processing trade message: {'id': 'Buy', 'action': 'buy', 'marketPosition': 'long', 'prevMarketPosition': 'long', 'marketPositionSize': '2', 'prevMarketPositionSize': '1', 'instrument': 'AIXBTUSDT', 'signalToken': 'p26q0rz/fkkZW6nU+99/QqX5YBrpddXYNiMruwOrXlT79l/wDDFyI5EkvUtkob6J2kb7DdueXLgB59tPzYqFPA==', 'timestamp': '2025-06-27T15:45:00Z', 'maxLag': '300', 'investmentType': 'base', 'amount': '1'}
2025-06-28 09:57:31,401 - ERROR - Failed to fetch current price: [Errno 11004] getaddrinfo failed
2025-06-28 09:57:31,401 - INFO - Processing trade message: {'id': 'Buy', 'action': 'buy', 'marketPosition': 'long', 'prevMarketPosition': 'short', 'marketPositionSize': '1', 'prevMarketPositionSize': '1', 'instrument': 'OPUSDT', 'signalToken': 'p26q0rz/fkkZW6nU+99/QqX5YBrpddXYNiMruwOrXlT79l/wDDFyI5EkvUtkob6J2kb7DdueXLgB59tPzYqFPA==', 'timestamp': '2025-06-27T15:45:01Z', 'maxLag': '300', 'investmentType': 'base', 'amount': '2'}
2025-06-28 09:57:31,402 - ERROR - Failed to fetch current price: [Errno 11004] getaddrinfo failed
2025-06-28 09:57:31,403 - INFO - Processing trade message: {'id': 'Buy', 'action': 'buy', 'marketPosition': 'long', 'prevMarketPosition': 'long', 'marketPositionSize': '3', 'prevMarketPositionSize': '2', 'instrument': 'BONKUSDT.P', 'signalToken': 'p26q0rz/fkkZW6nU+99/QqX5YBrpddXYNiMruwOrXlT79l/wDDFyI5EkvUtkob6J2kb7DdueXLgB59tPzYqFPA==', 'timestamp': '2025-06-27T15:45:01Z', 'maxLag': '300', 'investmentType': 'base', 'amount': '1'}
2025-06-28 09:57:31,404 - ERROR - Failed to fetch current price: [Errno 11004] getaddrinfo failed
2025-06-28 09:57:31,404 - INFO - Processing trade message: {'id': 'Buy', 'action': 'buy', 'marketPosition': 'long', 'prevMarketPosition': 'short', 'marketPositionSize': '1', 'prevMarketPositionSize': '1', 'instrument': 'NEARUSDT', 'signalToken': 'p26q0rz/fkkZW6nU+99/QqX5YBrpddXYNiMruwOrXlT79l/wDDFyI5EkvUtkob6J2kb7DdueXLgB59tPzYqFPA==', 'timestamp': '2025-06-27T15:45:01Z', 'maxLag': '300', 'investmentType': 'base', 'amount': '2'}
2025-06-28 09:57:31,405 - ERROR - Failed to fetch current price: [Errno 11004] getaddrinfo failed
2025-06-28 09:57:31,405 - INFO - Processing trade message: {'id': 'Buy', 'action': 'buy', 'marketPosition': 'long', 'prevMarketPosition': 'long', 'marketPositionSize': '3', 'prevMarketPositionSize': '2', 'instrument': 'DOGEUSDT', 'signalToken': 'p26q0rz/fkkZW6nU+99/QqX5YBrpddXYNiMruwOrXlT79l/wDDFyI5EkvUtkob6J2kb7DdueXLgB59tPzYqFPA==', 'timestamp': '2025-06-27T15:45:01Z', 'maxLag': '300', 'investmentType': 'base', 'amount': '1'}
2025-06-28 09:57:31,406 - ERROR - Failed to fetch current price: [Errno 11004] getaddrinfo failed
2025-06-28 09:57:31,406 - INFO - Processing trade message: {'id': 'Buy', 'action': 'buy', 'marketPosition': 'long', 'prevMarketPosition': 'short', 'marketPositionSize': '1', 'prevMarketPositionSize': '1', 'instrument': 'ETHFIUSDT', 'signalToken': 'p26q0rz/fkkZW6nU+99/QqX5YBrpddXYNiMruwOrXlT79l/wDDFyI5EkvUtkob6J2kb7DdueXLgB59tPzYqFPA==', 'timestamp': '2025-06-27T15:45:01Z', 'maxLag': '300', 'investmentType': 'base', 'amount': '2'}
2025-06-28 09:57:35,486 - ERROR - Failed to fetch current price: [Errno 11004] getaddrinfo failed
2025-06-28 09:57:35,486 - INFO - Processing trade message: {'id': 'Buy', 'action': 'buy', 'marketPosition': 'long', 'prevMarketPosition': 'short', 'marketPositionSize': '1', 'prevMarketPositionSize': '1', 'instrument': 'JASMYUSDT', 'signalToken': 'p26q0rz/fkkZW6nU+99/QqX5YBrpddXYNiMruwOrXlT79l/wDDFyI5EkvUtkob6J2kb7DdueXLgB59tPzYqFPA==', 'timestamp': '2025-06-27T15:45:00Z', 'maxLag': '300', 'investmentType': 'base', 'amount': '2'}
2025-06-28 09:57:35,488 - ERROR - Failed to fetch current price: [Errno 11004] getaddrinfo failed
2025-06-28 09:57:35,488 - INFO - Processing trade message: {'id': 'Buy', 'action': 'buy', 'marketPosition': 'long', 'prevMarketPosition': 'long', 'marketPositionSize': '2', 'prevMarketPositionSize': '1', 'instrument': 'TRUMPUSDT', 'signalToken': 'p26q0rz/fkkZW6nU+99/QqX5YBrpddXYNiMruwOrXlT79l/wDDFyI5EkvUtkob6J2kb7DdueXLgB59tPzYqFPA==', 'timestamp': '2025-06-27T15:45:06Z', 'maxLag': '300', 'investmentType': 'base', 'amount': '1'}
2025-06-28 09:57:35,489 - ERROR - Failed to fetch current price: [Errno 11004] getaddrinfo failed
2025-06-28 09:57:35,490 - INFO - Processing trade message: {'id': 'Buy', 'action': 'buy', 'marketPosition': 'long', 'prevMarketPosition': 'short', 'marketPositionSize': '1', 'prevMarketPositionSize': '2', 'instrument': 'TIAUSDT', 'signalToken': 'p26q0rz/fkkZW6nU+99/QqX5YBrpddXYNiMruwOrXlT79l/wDDFyI5EkvUtkob6J2kb7DdueXLgB59tPzYqFPA==', 'timestamp': '2025-06-27T15:45:06Z', 'maxLag': '300', 'investmentType': 'base', 'amount': '3'}
2025-06-28 09:57:35,491 - ERROR - Failed to fetch current price: [Errno 11004] getaddrinfo failed
2025-06-28 09:57:35,491 - INFO - Processing trade message: {'id': 'Buy', 'action': 'buy', 'marketPosition': 'long', 'prevMarketPosition': 'short', 'marketPositionSize': '1', 'prevMarketPositionSize': '1', 'instrument': 'ETHWUSDT', 'signalToken': 'p26q0rz/fkkZW6nU+99/QqX5YBrpddXYNiMruwOrXlT79l/wDDFyI5EkvUtkob6J2kb7DdueXLgB59tPzYqFPA==', 'timestamp': '2025-06-27T15:45:56Z', 'maxLag': '300', 'investmentType': 'base', 'amount': '2'}
2025-06-28 09:57:35,492 - ERROR - Failed to fetch current price: [Errno 11004] getaddrinfo failed
2025-06-28 09:57:35,492 - INFO - Processing trade message: {'id': 'Buy', 'action': 'buy', 'marketPosition': 'long', 'prevMarketPosition': 'long', 'marketPositionSize': '2', 'prevMarketPositionSize': '1', 'instrument': 'FLOKIUSDT', 'signalToken': 'p26q0rz/fkkZW6nU+99/QqX5YBrpddXYNiMruwOrXlT79l/wDDFyI5EkvUtkob6J2kb7DdueXLgB59tPzYqFPA==', 'timestamp': '2025-06-27T15:46:11Z', 'maxLag': '300', 'investmentType': 'base', 'amount': '1'}
2025-06-28 09:57:38,695 - ERROR - Failed to fetch current price: [Errno 11004] getaddrinfo failed
2025-06-28 09:57:38,696 - INFO - Processing trade message: {'id': 'Buy', 'action': 'buy', 'marketPosition': 'long', 'prevMarketPosition': 'short', 'marketPositionSize': '0.01', 'prevMarketPositionSize': '0.01', 'instrument': 'ETHUSDT', 'signalToken': 'OPTION202505001', 'timestamp': '2025-06-27T16:00:00Z', 'maxLag': '300', 'investmentType': 'base', 'amount': '0.02'}
2025-06-28 09:57:38,697 - ERROR - Failed to fetch current price: [Errno 11004] getaddrinfo failed
2025-06-28 09:57:38,697 - INFO - Processing trade message: {'id': 'Buy', 'action': 'buy', 'marketPosition': 'long', 'prevMarketPosition': 'short', 'marketPositionSize': '1', 'prevMarketPositionSize': '2', 'instrument': 'ENAUSDT', 'signalToken': 'p26q0rz/fkkZW6nU+99/QqX5YBrpddXYNiMruwOrXlT79l/wDDFyI5EkvUtkob6J2kb7DdueXLgB59tPzYqFPA==', 'timestamp': '2025-06-27T16:00:01Z', 'maxLag': '300', 'investmentType': 'base', 'amount': '3'}
2025-06-28 09:57:38,699 - ERROR - Failed to fetch current price: [Errno 11004] getaddrinfo failed
2025-06-28 09:57:38,699 - INFO - Processing trade message: {'id': 'Buy', 'action': 'buy', 'marketPosition': 'long', 'prevMarketPosition': 'short', 'marketPositionSize': '1', 'prevMarketPositionSize': '1', 'instrument': 'ARUSDT', 'signalToken': 'p26q0rz/fkkZW6nU+99/QqX5YBrpddXYNiMruwOrXlT79l/wDDFyI5EkvUtkob6J2kb7DdueXLgB59tPzYqFPA==', 'timestamp': '2025-06-27T16:00:05Z', 'maxLag': '300', 'investmentType': 'base', 'amount': '2'}
2025-06-28 09:57:50,367 - ERROR - Failed to fetch current price: [Errno 11004] getaddrinfo failed
2025-06-28 09:57:50,368 - INFO - Processing trade message: {'id': 'Buy', 'action': 'buy', 'marketPosition': 'long', 'prevMarketPosition': 'short', 'marketPositionSize': '1', 'prevMarketPositionSize': '1', 'instrument': 'XRPUSDT', 'signalToken': 'p26q0rz/fkkZW6nU+99/QqX5YBrpddXYNiMruwOrXlT79l/wDDFyI5EkvUtkob6J2kb7DdueXLgB59tPzYqFPA==', 'timestamp': '2025-06-27T16:45:01Z', 'maxLag': '300', 'investmentType': 'base', 'amount': '2'}
2025-06-28 09:57:50,370 - ERROR - Failed to fetch current price: [Errno 11004] getaddrinfo failed
2025-06-28 09:57:50,370 - INFO - Processing trade message: {'id': 'Buy', 'action': 'buy', 'marketPosition': 'long', 'prevMarketPosition': 'long', 'marketPositionSize': '2', 'prevMarketPositionSize': '1', 'instrument': 'LINKUSDT.P', 'signalToken': 'p26q0rz/fkkZW6nU+99/QqX5YBrpddXYNiMruwOrXlT79l/wDDFyI5EkvUtkob6J2kb7DdueXLgB59tPzYqFPA==', 'timestamp': '2025-06-27T16:45:00Z', 'maxLag': '300', 'investmentType': 'base', 'amount': '1'}
2025-06-28 09:57:50,371 - ERROR - Failed to fetch current price: [Errno 11004] getaddrinfo failed
2025-06-28 09:57:50,372 - INFO - Processing trade message: {'id': 'Buy', 'action': 'buy', 'marketPosition': 'long', 'prevMarketPosition': 'long', 'marketPositionSize': '3', 'prevMarketPositionSize': '2', 'instrument': 'AI16ZUSDT', 'signalToken': 'p26q0rz/fkkZW6nU+99/QqX5YBrpddXYNiMruwOrXlT79l/wDDFyI5EkvUtkob6J2kb7DdueXLgB59tPzYqFPA==', 'timestamp': '2025-06-27T16:45:00Z', 'maxLag': '300', 'investmentType': 'base', 'amount': '1'}
2025-06-28 09:57:50,374 - ERROR - Failed to fetch current price: [Errno 11004] getaddrinfo failed
2025-06-28 09:57:50,374 - INFO - Processing trade message: {'id': 'Buy', 'action': 'buy', 'marketPosition': 'long', 'prevMarketPosition': 'short', 'marketPositionSize': '1', 'prevMarketPositionSize': '1', 'instrument': 'PEPEUSDT', 'signalToken': 'p26q0rz/fkkZW6nU+99/QqX5YBrpddXYNiMruwOrXlT79l/wDDFyI5EkvUtkob6J2kb7DdueXLgB59tPzYqFPA==', 'timestamp': '2025-06-27T16:45:01Z', 'maxLag': '300', 'investmentType': 'base', 'amount': '2'}
2025-06-28 09:57:50,375 - ERROR - Failed to fetch current price: [Errno 11004] getaddrinfo failed
2025-06-28 09:57:50,375 - INFO - Processing trade message: {'id': 'Buy', 'action': 'buy', 'marketPosition': 'long', 'prevMarketPosition': 'long', 'marketPositionSize': '2', 'prevMarketPositionSize': '1', 'instrument': 'LTCUSDT', 'signalToken': 'p26q0rz/fkkZW6nU+99/QqX5YBrpddXYNiMruwOrXlT79l/wDDFyI5EkvUtkob6J2kb7DdueXLgB59tPzYqFPA==', 'timestamp': '2025-06-27T16:45:08Z', 'maxLag': '300', 'investmentType': 'base', 'amount': '1'}
2025-06-28 09:57:50,376 - ERROR - Failed to fetch current price: [Errno 11004] getaddrinfo failed
2025-06-28 09:57:50,377 - INFO - Processing trade message: {'id': 'Buy', 'action': 'buy', 'marketPosition': 'long', 'prevMarketPosition': 'short', 'marketPositionSize': '1', 'prevMarketPositionSize': '1', 'instrument': 'ATOMUSDT', 'signalToken': 'p26q0rz/fkkZW6nU+99/QqX5YBrpddXYNiMruwOrXlT79l/wDDFyI5EkvUtkob6J2kb7DdueXLgB59tPzYqFPA==', 'timestamp': '2025-06-27T16:45:44Z', 'maxLag': '300', 'investmentType': 'base', 'amount': '2'}
2025-06-28 09:57:53,109 - ERROR - Failed to fetch current price: [Errno 11004] getaddrinfo failed
2025-06-28 09:57:53,109 - INFO - Processing trade message: {'id': 'Buy', 'action': 'buy', 'marketPosition': 'long', 'prevMarketPosition': 'long', 'marketPositionSize': '3', 'prevMarketPositionSize': '2', 'instrument': 'ETCUSDT', 'signalToken': 'p26q0rz/fkkZW6nU+99/QqX5YBrpddXYNiMruwOrXlT79l/wDDFyI5EkvUtkob6J2kb7DdueXLgB59tPzYqFPA==', 'timestamp': '2025-06-27T17:00:03Z', 'maxLag': '300', 'investmentType': 'base', 'amount': '1'}
2025-06-28 09:57:53,111 - ERROR - Failed to fetch current price: [Errno 11004] getaddrinfo failed
2025-06-28 09:57:53,111 - INFO - Processing trade message: {'id': 'Sell', 'action': 'sell', 'marketPosition': 'short', 'prevMarketPosition': 'long', 'marketPositionSize': '1', 'prevMarketPositionSize': '2', 'instrument': 'LINKUSDT.P', 'signalToken': 'p26q0rz/fkkZW6nU+99/QqX5YBrpddXYNiMruwOrXlT79l/wDDFyI5EkvUtkob6J2kb7DdueXLgB59tPzYqFPA==', 'timestamp': '2025-06-27T17:15:00Z', 'maxLag': '300', 'investmentType': 'base', 'amount': '3'}
2025-06-28 09:57:55,809 - ERROR - Failed to fetch current price: [Errno 11004] getaddrinfo failed
2025-06-28 09:57:55,809 - INFO - Processing trade message: {'id': 'Sell', 'action': 'sell', 'marketPosition': 'short', 'prevMarketPosition': 'long', 'marketPositionSize': '1', 'prevMarketPositionSize': '3', 'instrument': 'DOGEUSDT', 'signalToken': 'p26q0rz/fkkZW6nU+99/QqX5YBrpddXYNiMruwOrXlT79l/wDDFyI5EkvUtkob6J2kb7DdueXLgB59tPzYqFPA==', 'timestamp': '2025-06-27T17:15:03Z', 'maxLag': '300', 'investmentType': 'base', 'amount': '4'}
2025-06-28 09:57:55,810 - ERROR - Failed to fetch current price: [Errno 11004] getaddrinfo failed
2025-06-28 09:57:55,811 - INFO - Processing trade message: {'id': 'Sell', 'action': 'sell', 'marketPosition': 'short', 'prevMarketPosition': 'short', 'marketPositionSize': '2', 'prevMarketPositionSize': '1', 'instrument': 'INJUSDT', 'signalToken': 'p26q0rz/fkkZW6nU+99/QqX5YBrpddXYNiMruwOrXlT79l/wDDFyI5EkvUtkob6J2kb7DdueXLgB59tPzYqFPA==', 'timestamp': '2025-06-27T17:15:11Z', 'maxLag': '300', 'investmentType': 'base', 'amount': '1'}
2025-06-28 09:57:55,812 - ERROR - Failed to fetch current price: [Errno 11004] getaddrinfo failed
2025-06-28 09:57:55,812 - INFO - Processing trade message: {'id': 'Sell', 'action': 'sell', 'marketPosition': 'short', 'prevMarketPosition': 'long', 'marketPositionSize': '1', 'prevMarketPositionSize': '1', 'instrument': 'TIAUSDT', 'signalToken': 'p26q0rz/fkkZW6nU+99/QqX5YBrpddXYNiMruwOrXlT79l/wDDFyI5EkvUtkob6J2kb7DdueXLgB59tPzYqFPA==', 'timestamp': '2025-06-27T17:15:10Z', 'maxLag': '300', 'investmentType': 'base', 'amount': '2'}
2025-06-28 09:57:55,813 - ERROR - Failed to fetch current price: [Errno 11004] getaddrinfo failed
2025-06-28 09:57:55,813 - INFO - Processing trade message: {'id': 'Sell', 'action': 'sell', 'marketPosition': 'short', 'prevMarketPosition': 'long', 'marketPositionSize': '1', 'prevMarketPositionSize': '1', 'instrument': 'ATOMUSDT', 'signalToken': 'p26q0rz/fkkZW6nU+99/QqX5YBrpddXYNiMruwOrXlT79l/wDDFyI5EkvUtkob6J2kb7DdueXLgB59tPzYqFPA==', 'timestamp': '2025-06-27T17:17:21Z', 'maxLag': '300', 'investmentType': 'base', 'amount': '2'}
2025-06-28 09:57:59,542 - ERROR - Failed to fetch current price: [Errno 11004] getaddrinfo failed
2025-06-28 09:57:59,543 - INFO - Processing trade message: {'id': 'Sell', 'action': 'sell', 'marketPosition': 'short', 'prevMarketPosition': 'long', 'marketPositionSize': '1', 'prevMarketPositionSize': '1', 'instrument': 'PEPEUSDT', 'signalToken': 'p26q0rz/fkkZW6nU+99/QqX5YBrpddXYNiMruwOrXlT79l/wDDFyI5EkvUtkob6J2kb7DdueXLgB59tPzYqFPA==', 'timestamp': '2025-06-27T17:30:00Z', 'maxLag': '300', 'investmentType': 'base', 'amount': '2'}
2025-06-28 09:57:59,544 - ERROR - Failed to fetch current price: [Errno 11004] getaddrinfo failed
2025-06-28 09:57:59,544 - INFO - Processing trade message: {'id': 'Sell', 'action': 'sell', 'marketPosition': 'short', 'prevMarketPosition': 'long', 'marketPositionSize': '1', 'prevMarketPositionSize': '2', 'instrument': 'LTCUSDT', 'signalToken': 'p26q0rz/fkkZW6nU+99/QqX5YBrpddXYNiMruwOrXlT79l/wDDFyI5EkvUtkob6J2kb7DdueXLgB59tPzYqFPA==', 'timestamp': '2025-06-27T17:30:00Z', 'maxLag': '300', 'investmentType': 'base', 'amount': '3'}
2025-06-28 09:57:59,546 - ERROR - Failed to fetch current price: [Errno 11004] getaddrinfo failed
2025-06-28 09:57:59,546 - INFO - Processing trade message: {'id': 'Sell', 'action': 'sell', 'marketPosition': 'short', 'prevMarketPosition': 'long', 'marketPositionSize': '1', 'prevMarketPositionSize': '1', 'instrument': 'XRPUSDT', 'signalToken': 'p26q0rz/fkkZW6nU+99/QqX5YBrpddXYNiMruwOrXlT79l/wDDFyI5EkvUtkob6J2kb7DdueXLgB59tPzYqFPA==', 'timestamp': '2025-06-27T17:30:01Z', 'maxLag': '300', 'investmentType': 'base', 'amount': '2'}
2025-06-28 09:57:59,548 - ERROR - Failed to fetch current price: [Errno 11004] getaddrinfo failed
2025-06-28 09:57:59,548 - INFO - Processing trade message: {'id': 'Sell', 'action': 'sell', 'marketPosition': 'short', 'prevMarketPosition': 'short', 'marketPositionSize': '5', 'prevMarketPositionSize': '4', 'instrument': 'ZECUSDT', 'signalToken': 'p26q0rz/fkkZW6nU+99/QqX5YBrpddXYNiMruwOrXlT79l/wDDFyI5EkvUtkob6J2kb7DdueXLgB59tPzYqFPA==', 'timestamp': '2025-06-27T17:30:08Z', 'maxLag': '300', 'investmentType': 'base', 'amount': '1'}
2025-06-28 09:57:59,549 - ERROR - Failed to fetch current price: [Errno 11004] getaddrinfo failed
2025-06-28 09:57:59,550 - INFO - Processing trade message: {'id': 'Sell', 'action': 'sell', 'marketPosition': 'short', 'prevMarketPosition': 'long', 'marketPositionSize': '1', 'prevMarketPositionSize': '1', 'instrument': 'OKBUSDT', 'signalToken': 'p26q0rz/fkkZW6nU+99/QqX5YBrpddXYNiMruwOrXlT79l/wDDFyI5EkvUtkob6J2kb7DdueXLgB59tPzYqFPA==', 'timestamp': '2025-06-27T17:30:12Z', 'maxLag': '300', 'investmentType': 'base', 'amount': '2'}
2025-06-28 09:57:59,551 - ERROR - Failed to fetch current price: [Errno 11004] getaddrinfo failed
2025-06-28 09:57:59,551 - INFO - Processing trade message: {'id': 'Sell', 'action': 'sell', 'marketPosition': 'short', 'prevMarketPosition': 'short', 'marketPositionSize': '3', 'prevMarketPositionSize': '2', 'instrument': 'FILUSDT', 'signalToken': 'p26q0rz/fkkZW6nU+99/QqX5YBrpddXYNiMruwOrXlT79l/wDDFyI5EkvUtkob6J2kb7DdueXLgB59tPzYqFPA==', 'timestamp': '2025-06-27T17:30:14Z', 'maxLag': '300', 'investmentType': 'base', 'amount': '1'}
2025-06-28 09:57:59,553 - ERROR - Failed to fetch current price: [Errno 11004] getaddrinfo failed
2025-06-28 09:57:59,553 - INFO - Processing trade message: {'id': 'Sell', 'action': 'sell', 'marketPosition': 'short', 'prevMarketPosition': 'long', 'marketPositionSize': '1', 'prevMarketPositionSize': '1', 'instrument': 'JASMYUSDT', 'signalToken': 'p26q0rz/fkkZW6nU+99/QqX5YBrpddXYNiMruwOrXlT79l/wDDFyI5EkvUtkob6J2kb7DdueXLgB59tPzYqFPA==', 'timestamp': '2025-06-27T17:45:00Z', 'maxLag': '300', 'investmentType': 'base', 'amount': '2'}
2025-06-28 09:57:59,554 - ERROR - Failed to fetch current price: [Errno 11004] getaddrinfo failed
2025-06-28 09:57:59,555 - INFO - Processing trade message: {'id': 'Sell', 'action': 'sell', 'marketPosition': 'short', 'prevMarketPosition': 'long', 'marketPositionSize': '1', 'prevMarketPositionSize': '3', 'instrument': 'ETCUSDT', 'signalToken': 'p26q0rz/fkkZW6nU+99/QqX5YBrpddXYNiMruwOrXlT79l/wDDFyI5EkvUtkob6J2kb7DdueXLgB59tPzYqFPA==', 'timestamp': '2025-06-27T17:45:00Z', 'maxLag': '300', 'investmentType': 'base', 'amount': '4'}
2025-06-28 09:58:02,482 - ERROR - Failed to fetch current price: [Errno 11004] getaddrinfo failed
2025-06-28 09:58:02,483 - INFO - Processing trade message: {'id': 'Sell', 'action': 'sell', 'marketPosition': 'short', 'prevMarketPosition': 'short', 'marketPositionSize': '2', 'prevMarketPositionSize': '1', 'instrument': 'AVAXUSDT', 'signalToken': 'p26q0rz/fkkZW6nU+99/QqX5YBrpddXYNiMruwOrXlT79l/wDDFyI5EkvUtkob6J2kb7DdueXLgB59tPzYqFPA==', 'timestamp': '2025-06-27T17:45:00Z', 'maxLag': '300', 'investmentType': 'base', 'amount': '1'}
2025-06-28 09:58:02,486 - ERROR - Failed to fetch current price: [Errno 11004] getaddrinfo failed
2025-06-28 09:58:02,487 - INFO - Processing trade message: {'id': 'Sell', 'action': 'sell', 'marketPosition': 'short', 'prevMarketPosition': 'long', 'marketPositionSize': '1', 'prevMarketPositionSize': '1', 'instrument': 'NEARUSDT', 'signalToken': 'p26q0rz/fkkZW6nU+99/QqX5YBrpddXYNiMruwOrXlT79l/wDDFyI5EkvUtkob6J2kb7DdueXLgB59tPzYqFPA==', 'timestamp': '2025-06-27T17:45:01Z', 'maxLag': '300', 'investmentType': 'base', 'amount': '2'}
2025-06-28 09:58:02,491 - ERROR - Failed to fetch current price: [Errno 11004] getaddrinfo failed
2025-06-28 09:58:02,491 - INFO - Processing trade message: {'id': 'Sell', 'action': 'sell', 'marketPosition': 'short', 'prevMarketPosition': 'long', 'marketPositionSize': '1', 'prevMarketPositionSize': '1', 'instrument': 'ENAUSDT', 'signalToken': 'p26q0rz/fkkZW6nU+99/QqX5YBrpddXYNiMruwOrXlT79l/wDDFyI5EkvUtkob6J2kb7DdueXLgB59tPzYqFPA==', 'timestamp': '2025-06-27T17:45:01Z', 'maxLag': '300', 'investmentType': 'base', 'amount': '2'}
2025-06-28 09:58:02,494 - ERROR - Failed to fetch current price: [Errno 11004] getaddrinfo failed
2025-06-28 09:58:02,495 - INFO - Processing trade message: {'id': 'Sell', 'action': 'sell', 'marketPosition': 'short', 'prevMarketPosition': 'long', 'marketPositionSize': '1', 'prevMarketPositionSize': '2', 'instrument': 'AIXBTUSDT', 'signalToken': 'p26q0rz/fkkZW6nU+99/QqX5YBrpddXYNiMruwOrXlT79l/wDDFyI5EkvUtkob6J2kb7DdueXLgB59tPzYqFPA==', 'timestamp': '2025-06-27T17:45:00Z', 'maxLag': '300', 'investmentType': 'base', 'amount': '3'}
2025-06-28 09:58:02,503 - ERROR - Failed to fetch current price: [Errno 11004] getaddrinfo failed
2025-06-28 09:58:02,504 - INFO - Processing trade message: {'id': 'Sell', 'action': 'sell', 'marketPosition': 'short', 'prevMarketPosition': 'short', 'marketPositionSize': '2', 'prevMarketPositionSize': '1', 'instrument': 'FETUSDT', 'signalToken': 'p26q0rz/fkkZW6nU+99/QqX5YBrpddXYNiMruwOrXlT79l/wDDFyI5EkvUtkob6J2kb7DdueXLgB59tPzYqFPA==', 'timestamp': '2025-06-27T17:45:03Z', 'maxLag': '300', 'investmentType': 'base', 'amount': '1'}
2025-06-28 09:58:02,509 - ERROR - Failed to fetch current price: [Errno 11004] getaddrinfo failed
2025-06-28 09:58:02,510 - INFO - Processing trade message: {'id': 'Sell', 'action': 'sell', 'marketPosition': 'short', 'prevMarketPosition': 'long', 'marketPositionSize': '1', 'prevMarketPositionSize': '2', 'instrument': 'TRUMPUSDT', 'signalToken': 'p26q0rz/fkkZW6nU+99/QqX5YBrpddXYNiMruwOrXlT79l/wDDFyI5EkvUtkob6J2kb7DdueXLgB59tPzYqFPA==', 'timestamp': '2025-06-27T17:45:08Z', 'maxLag': '300', 'investmentType': 'base', 'amount': '3'}
2025-06-28 09:58:02,514 - ERROR - Failed to fetch current price: [Errno 11004] getaddrinfo failed
2025-06-28 09:58:02,514 - INFO - Processing trade message: {'id': 'Sell', 'action': 'sell', 'marketPosition': 'short', 'prevMarketPosition': 'long', 'marketPositionSize': '1', 'prevMarketPositionSize': '2', 'instrument': 'FLOKIUSDT', 'signalToken': 'p26q0rz/fkkZW6nU+99/QqX5YBrpddXYNiMruwOrXlT79l/wDDFyI5EkvUtkob6J2kb7DdueXLgB59tPzYqFPA==', 'timestamp': '2025-06-27T17:45:12Z', 'maxLag': '300', 'investmentType': 'base', 'amount': '3'}
2025-06-28 09:58:02,519 - ERROR - Failed to fetch current price: [Errno 11004] getaddrinfo failed
2025-06-28 09:58:02,519 - INFO - Processing trade message: {'id': 'Sell', 'action': 'sell', 'marketPosition': 'short', 'prevMarketPosition': 'long', 'marketPositionSize': '1', 'prevMarketPositionSize': '1', 'instrument': 'ETHWUSDT', 'signalToken': 'p26q0rz/fkkZW6nU+99/QqX5YBrpddXYNiMruwOrXlT79l/wDDFyI5EkvUtkob6J2kb7DdueXLgB59tPzYqFPA==', 'timestamp': '2025-06-27T17:46:00Z', 'maxLag': '300', 'investmentType': 'base', 'amount': '2'}
2025-06-28 09:58:05,772 - ERROR - Failed to fetch current price: [Errno 11004] getaddrinfo failed
2025-06-28 09:58:05,773 - INFO - Processing trade message: {'id': 'Sell', 'action': 'sell', 'marketPosition': 'short', 'prevMarketPosition': 'long', 'marketPositionSize': '1', 'prevMarketPositionSize': '1', 'instrument': 'AAVEUSDT.P', 'signalToken': 'p26q0rz/fkkZW6nU+99/QqX5YBrpddXYNiMruwOrXlT79l/wDDFyI5EkvUtkob6J2kb7DdueXLgB59tPzYqFPA==', 'timestamp': '2025-06-27T18:00:00Z', 'maxLag': '300', 'investmentType': 'base', 'amount': '2'}
2025-06-28 09:58:05,777 - ERROR - Failed to fetch current price: [Errno 11004] getaddrinfo failed
2025-06-28 09:58:05,777 - INFO - Processing trade message: {'id': 'Sell', 'action': 'sell', 'marketPosition': 'short', 'prevMarketPosition': 'long', 'marketPositionSize': '0.01', 'prevMarketPositionSize': '0.01', 'instrument': 'ETHUSDT', 'signalToken': 'OPTION202505001', 'timestamp': '2025-06-27T18:00:00Z', 'maxLag': '300', 'investmentType': 'base', 'amount': '0.02'}
2025-06-28 09:58:05,781 - ERROR - Failed to fetch current price: [Errno 11004] getaddrinfo failed
2025-06-28 09:58:05,782 - INFO - Processing trade message: {'id': 'Sell', 'action': 'sell', 'marketPosition': 'short', 'prevMarketPosition': 'long', 'marketPositionSize': '1', 'prevMarketPositionSize': '1', 'instrument': 'LTCUSDT.P', 'signalToken': 'qqzKuyustk1bOuUZYzHe7VRwQwdY49BYVZxCsFmyJuOWDDyRDeEeNM0lZH8DK6hrg0oJWWPnhd0ShG6GEYSu+A==', 'timestamp': '2025-06-27T18:00:02Z', 'maxLag': '300', 'investmentType': 'base', 'amount': '2'}
2025-06-28 09:58:18,189 - ERROR - Failed to fetch current price: [Errno 11004] getaddrinfo failed
2025-06-28 09:58:18,190 - INFO - Processing trade message: {'id': 'Sell', 'action': 'sell', 'marketPosition': 'short', 'prevMarketPosition': 'long', 'marketPositionSize': '1', 'prevMarketPositionSize': '1', 'instrument': 'DOTUSDT', 'signalToken': 'p26q0rz/fkkZW6nU+99/QqX5YBrpddXYNiMruwOrXlT79l/wDDFyI5EkvUtkob6J2kb7DdueXLgB59tPzYqFPA==', 'timestamp': '2025-06-27T18:15:13Z', 'maxLag': '300', 'investmentType': 'base', 'amount': '2'}
2025-06-28 09:58:22,407 - ERROR - Failed to fetch current price: [Errno 11004] getaddrinfo failed
2025-06-28 09:58:22,408 - INFO - Processing trade message: {'id': 'Sell', 'action': 'sell', 'marketPosition': 'short', 'prevMarketPosition': 'long', 'marketPositionSize': '1', 'prevMarketPositionSize': '1', 'instrument': 'RAYUSDT.P', 'signalToken': 'p26q0rz/fkkZW6nU+99/QqX5YBrpddXYNiMruwOrXlT79l/wDDFyI5EkvUtkob6J2kb7DdueXLgB59tPzYqFPA==', 'timestamp': '2025-06-27T18:30:00Z', 'maxLag': '300', 'investmentType': 'base', 'amount': '2'}
2025-06-28 09:58:22,410 - ERROR - Failed to fetch current price: [Errno 11004] getaddrinfo failed
2025-06-28 09:58:22,411 - INFO - Processing trade message: {'id': 'Sell', 'action': 'sell', 'marketPosition': 'short', 'prevMarketPosition': 'long', 'marketPositionSize': '1', 'prevMarketPositionSize': '1', 'instrument': 'ARUSDT', 'signalToken': 'p26q0rz/fkkZW6nU+99/QqX5YBrpddXYNiMruwOrXlT79l/wDDFyI5EkvUtkob6J2kb7DdueXLgB59tPzYqFPA==', 'timestamp': '2025-06-27T18:30:00Z', 'maxLag': '300', 'investmentType': 'base', 'amount': '2'}
2025-06-28 09:58:22,413 - ERROR - Failed to fetch current price: [Errno 11004] getaddrinfo failed
2025-06-28 09:58:22,413 - INFO - Processing trade message: {'id': 'Sell', 'action': 'sell', 'marketPosition': 'short', 'prevMarketPosition': 'long', 'marketPositionSize': '0.1', 'prevMarketPositionSize': '0.1', 'instrument': 'AAVEUSDT.P', 'signalToken': 'p26q0rz/fkkZW6nU+99/QqX5YBrpddXYNiMruwOrXlT79l/wDDFyI5EkvUtkob6J2kb7DdueXLgB59tPzYqFPA==', 'timestamp': '2025-06-27T19:00:00Z', 'maxLag': '300', 'investmentType': 'base', 'amount': '0.2'}
2025-06-28 09:58:25,972 - ERROR - Failed to fetch current price: [Errno 11004] getaddrinfo failed
2025-06-28 09:58:25,973 - INFO - Processing trade message: {'id': 'Buy', 'action': 'buy', 'marketPosition': 'long', 'prevMarketPosition': 'short', 'marketPositionSize': '1', 'prevMarketPositionSize': '1', 'instrument': 'OKBUSDT', 'signalToken': 'p26q0rz/fkkZW6nU+99/QqX5YBrpddXYNiMruwOrXlT79l/wDDFyI5EkvUtkob6J2kb7DdueXLgB59tPzYqFPA==', 'timestamp': '2025-06-27T19:15:09Z', 'maxLag': '300', 'investmentType': 'base', 'amount': '2'}
2025-06-28 09:58:29,844 - ERROR - Failed to fetch current price: [Errno 11004] getaddrinfo failed
2025-06-28 09:58:29,844 - INFO - Processing trade message: {'id': 'Sell', 'action': 'sell', 'marketPosition': 'short', 'prevMarketPosition': 'long', 'marketPositionSize': '0.01', 'prevMarketPositionSize': '0.01', 'instrument': 'ETHUSDT', 'signalToken': 'OPTION202505001', 'timestamp': '2025-06-27T20:00:00Z', 'maxLag': '300', 'investmentType': 'base', 'amount': '0.02'}
2025-06-28 09:58:29,846 - ERROR - Failed to fetch current price: [Errno 11004] getaddrinfo failed
2025-06-28 09:58:29,846 - INFO - Processing trade message: {'id': 'Sell', 'action': 'sell', 'marketPosition': 'short', 'prevMarketPosition': 'long', 'marketPositionSize': '1', 'prevMarketPositionSize': '1', 'instrument': 'LINKUSDT', 'signalToken': 'p26q0rz/fkkZW6nU+99/QqX5YBrpddXYNiMruwOrXlT79l/wDDFyI5EkvUtkob6J2kb7DdueXLgB59tPzYqFPA==', 'timestamp': '2025-06-27T20:00:02Z', 'maxLag': '300', 'investmentType': 'base', 'amount': '2'}
2025-06-28 09:58:29,848 - ERROR - Failed to fetch current price: [Errno 11004] getaddrinfo failed
2025-06-28 09:58:29,848 - INFO - Processing trade message: {'id': 'Buy', 'action': 'buy', 'marketPosition': 'long', 'prevMarketPosition': 'short', 'marketPositionSize': '1', 'prevMarketPositionSize': '1', 'instrument': 'RAYUSDT.P', 'signalToken': 'p26q0rz/fkkZW6nU+99/QqX5YBrpddXYNiMruwOrXlT79l/wDDFyI5EkvUtkob6J2kb7DdueXLgB59tPzYqFPA==', 'timestamp': '2025-06-27T20:00:02Z', 'maxLag': '300', 'investmentType': 'base', 'amount': '2'}
2025-06-28 09:58:33,295 - ERROR - Failed to fetch current price: [Errno 11004] getaddrinfo failed
2025-06-28 09:58:33,295 - INFO - Processing trade message: {'id': 'Sell', 'action': 'sell', 'marketPosition': 'short', 'prevMarketPosition': 'long', 'marketPositionSize': '1', 'prevMarketPositionSize': '1', 'instrument': 'LTCUSDT.P', 'signalToken': 'p26q0rz/fkkZW6nU+99/QqX5YBrpddXYNiMruwOrXlT79l/wDDFyI5EkvUtkob6J2kb7DdueXLgB59tPzYqFPA==', 'timestamp': '2025-06-27T20:00:04Z', 'maxLag': '300', 'investmentType': 'base', 'amount': '2'}
2025-06-28 09:58:33,297 - ERROR - Failed to fetch current price: [Errno 11004] getaddrinfo failed
2025-06-28 09:58:33,297 - INFO - Processing trade message: {'id': 'Buy', 'action': 'buy', 'marketPosition': 'long', 'prevMarketPosition': 'short', 'marketPositionSize': '1', 'prevMarketPositionSize': '1', 'instrument': 'JASMYUSDT', 'signalToken': 'p26q0rz/fkkZW6nU+99/QqX5YBrpddXYNiMruwOrXlT79l/wDDFyI5EkvUtkob6J2kb7DdueXLgB59tPzYqFPA==', 'timestamp': '2025-06-27T20:15:00Z', 'maxLag': '300', 'investmentType': 'base', 'amount': '2'}
2025-06-28 09:58:33,299 - ERROR - Failed to fetch current price: [Errno 11004] getaddrinfo failed
2025-06-28 09:58:33,299 - INFO - Processing trade message: {'id': 'Buy', 'action': 'buy', 'marketPosition': 'long', 'prevMarketPosition': 'long', 'marketPositionSize': '2', 'prevMarketPositionSize': '1', 'instrument': 'PNUTUSDT', 'signalToken': 'p26q0rz/fkkZW6nU+99/QqX5YBrpddXYNiMruwOrXlT79l/wDDFyI5EkvUtkob6J2kb7DdueXLgB59tPzYqFPA==', 'timestamp': '2025-06-27T20:15:21Z', 'maxLag': '300', 'investmentType': 'base', 'amount': '1'}
2025-06-28 09:58:36,402 - ERROR - Failed to fetch current price: [Errno 11004] getaddrinfo failed
2025-06-28 09:58:36,402 - INFO - Processing trade message: {'id': 'Buy', 'action': 'buy', 'marketPosition': 'long', 'prevMarketPosition': 'short', 'marketPositionSize': '1', 'prevMarketPositionSize': '1', 'instrument': 'DOTUSDT', 'signalToken': 'p26q0rz/fkkZW6nU+99/QqX5YBrpddXYNiMruwOrXlT79l/wDDFyI5EkvUtkob6J2kb7DdueXLgB59tPzYqFPA==', 'timestamp': '2025-06-27T20:20:55Z', 'maxLag': '300', 'investmentType': 'base', 'amount': '2'}
2025-06-28 09:58:36,403 - INFO - Executing SWAP trade: ADAUSDT, side:buy, tradeSide: open,size: 10, mode: crossed
2025-06-28 09:58:36,623 - INFO - SWAP trade executed successfully: {'code': '00000', 'msg': 'success', 'requestTime': 1751075914603, 'data': {'clientOid': '1322673741141528576', 'orderId': '1322673741120557058'}}
2025-06-28 09:58:36,627 - ERROR - Failed to fetch current price: [Errno 11004] getaddrinfo failed
2025-06-28 09:58:36,628 - INFO - Processing trade message: {'id': 'Buy', 'action': 'buy', 'marketPosition': 'long', 'prevMarketPosition': 'short', 'marketPositionSize': '1', 'prevMarketPositionSize': '1', 'instrument': 'LTCUSDT', 'signalToken': 'p26q0rz/fkkZW6nU+99/QqX5YBrpddXYNiMruwOrXlT79l/wDDFyI5EkvUtkob6J2kb7DdueXLgB59tPzYqFPA==', 'timestamp': '2025-06-27T20:30:01Z', 'maxLag': '300', 'investmentType': 'base', 'amount': '2'}
2025-06-28 09:58:36,630 - ERROR - Failed to fetch current price: [Errno 11004] getaddrinfo failed
2025-06-28 09:58:36,631 - INFO - Processing trade message: {'id': 'Buy', 'action': 'buy', 'marketPosition': 'long', 'prevMarketPosition': 'short', 'marketPositionSize': '1', 'prevMarketPositionSize': '1', 'instrument': 'XRPUSDT', 'signalToken': 'p26q0rz/fkkZW6nU+99/QqX5YBrpddXYNiMruwOrXlT79l/wDDFyI5EkvUtkob6J2kb7DdueXLgB59tPzYqFPA==', 'timestamp': '2025-06-27T20:30:02Z', 'maxLag': '300', 'investmentType': 'base', 'amount': '2'}
2025-06-28 09:58:40,167 - ERROR - Failed to fetch current price: [Errno 11004] getaddrinfo failed
2025-06-28 09:58:40,168 - INFO - Processing trade message: {'id': 'Buy', 'action': 'buy', 'marketPosition': 'long', 'prevMarketPosition': 'long', 'marketPositionSize': '4', 'prevMarketPositionSize': '3', 'instrument': 'BONKUSDT.P', 'signalToken': 'p26q0rz/fkkZW6nU+99/QqX5YBrpddXYNiMruwOrXlT79l/wDDFyI5EkvUtkob6J2kb7DdueXLgB59tPzYqFPA==', 'timestamp': '2025-06-27T20:45:00Z', 'maxLag': '300', 'investmentType': 'base', 'amount': '1'}
2025-06-28 09:58:40,175 - ERROR - Failed to fetch current price: [Errno 11004] getaddrinfo failed
2025-06-28 09:58:40,176 - INFO - Processing trade message: {'id': 'Buy', 'action': 'buy', 'marketPosition': 'long', 'prevMarketPosition': 'short', 'marketPositionSize': '1', 'prevMarketPositionSize': '2', 'instrument': 'AVAXUSDT', 'signalToken': 'p26q0rz/fkkZW6nU+99/QqX5YBrpddXYNiMruwOrXlT79l/wDDFyI5EkvUtkob6J2kb7DdueXLgB59tPzYqFPA==', 'timestamp': '2025-06-27T20:45:00Z', 'maxLag': '300', 'investmentType': 'base', 'amount': '3'}
2025-06-28 09:58:40,182 - ERROR - Failed to fetch current price: [Errno 11004] getaddrinfo failed
2025-06-28 09:58:40,183 - INFO - Processing trade message: {'id': 'Buy', 'action': 'buy', 'marketPosition': 'long', 'prevMarketPosition': 'long', 'marketPositionSize': '2', 'prevMarketPositionSize': '1', 'instrument': 'OPUSDT', 'signalToken': 'p26q0rz/fkkZW6nU+99/QqX5YBrpddXYNiMruwOrXlT79l/wDDFyI5EkvUtkob6J2kb7DdueXLgB59tPzYqFPA==', 'timestamp': '2025-06-27T20:45:00Z', 'maxLag': '300', 'investmentType': 'base', 'amount': '1'}
2025-06-28 09:58:40,195 - ERROR - Failed to fetch current price: [Errno 11004] getaddrinfo failed
2025-06-28 09:58:40,196 - INFO - Processing trade message: {'id': 'Buy', 'action': 'buy', 'marketPosition': 'long', 'prevMarketPosition': 'short', 'marketPositionSize': '1', 'prevMarketPositionSize': '5', 'instrument': 'ZECUSDT', 'signalToken': 'p26q0rz/fkkZW6nU+99/QqX5YBrpddXYNiMruwOrXlT79l/wDDFyI5EkvUtkob6J2kb7DdueXLgB59tPzYqFPA==', 'timestamp': '2025-06-27T20:45:01Z', 'maxLag': '300', 'investmentType': 'base', 'amount': '6'}
2025-06-28 09:58:40,205 - ERROR - Failed to fetch current price: [Errno 11004] getaddrinfo failed
2025-06-28 09:58:40,206 - INFO - Processing trade message: {'id': 'Buy', 'action': 'buy', 'marketPosition': 'long', 'prevMarketPosition': 'short', 'marketPositionSize': '1', 'prevMarketPositionSize': '1', 'instrument': 'ARUSDT', 'signalToken': 'p26q0rz/fkkZW6nU+99/QqX5YBrpddXYNiMruwOrXlT79l/wDDFyI5EkvUtkob6J2kb7DdueXLgB59tPzYqFPA==', 'timestamp': '2025-06-27T20:45:04Z', 'maxLag': '300', 'investmentType': 'base', 'amount': '2'}
2025-06-28 09:58:40,213 - ERROR - Failed to fetch current price: [Errno 11004] getaddrinfo failed
2025-06-28 09:58:40,213 - INFO - Processing trade message: {'id': 'Buy', 'action': 'buy', 'marketPosition': 'long', 'prevMarketPosition': 'short', 'marketPositionSize': '1', 'prevMarketPositionSize': '1', 'instrument': 'NEARUSDT', 'signalToken': 'p26q0rz/fkkZW6nU+99/QqX5YBrpddXYNiMruwOrXlT79l/wDDFyI5EkvUtkob6J2kb7DdueXLgB59tPzYqFPA==', 'timestamp': '2025-06-27T20:45:07Z', 'maxLag': '300', 'investmentType': 'base', 'amount': '2'}
2025-06-28 09:58:43,425 - ERROR - Failed to fetch current price: [Errno 11004] getaddrinfo failed
2025-06-28 09:58:43,426 - INFO - Processing trade message: {'id': 'Buy', 'action': 'buy', 'marketPosition': 'long', 'prevMarketPosition': 'short', 'marketPositionSize': '1', 'prevMarketPositionSize': '1', 'instrument': 'WIFUSDT', 'signalToken': 'p26q0rz/fkkZW6nU+99/QqX5YBrpddXYNiMruwOrXlT79l/wDDFyI5EkvUtkob6J2kb7DdueXLgB59tPzYqFPA==', 'timestamp': '2025-06-27T20:45:18Z', 'maxLag': '300', 'investmentType': 'base', 'amount': '2'}
2025-06-28 09:58:43,428 - ERROR - Failed to fetch current price: [Errno 11004] getaddrinfo failed
2025-06-28 09:58:43,428 - INFO - Processing trade message: {'id': 'Buy', 'action': 'buy', 'marketPosition': 'long', 'prevMarketPosition': 'short', 'marketPositionSize': '1', 'prevMarketPositionSize': '1', 'instrument': 'TRUMPUSDT', 'signalToken': 'p26q0rz/fkkZW6nU+99/QqX5YBrpddXYNiMruwOrXlT79l/wDDFyI5EkvUtkob6J2kb7DdueXLgB59tPzYqFPA==', 'timestamp': '2025-06-27T20:45:22Z', 'maxLag': '300', 'investmentType': 'base', 'amount': '2'}
2025-06-28 09:58:43,431 - ERROR - Failed to fetch current price: [Errno 11004] getaddrinfo failed
2025-06-28 09:58:43,431 - INFO - Processing trade message: {'id': 'Buy', 'action': 'buy', 'marketPosition': 'long', 'prevMarketPosition': 'short', 'marketPositionSize': '1', 'prevMarketPositionSize': '1', 'instrument': 'FLOKIUSDT', 'signalToken': 'p26q0rz/fkkZW6nU+99/QqX5YBrpddXYNiMruwOrXlT79l/wDDFyI5EkvUtkob6J2kb7DdueXLgB59tPzYqFPA==', 'timestamp': '2025-06-27T20:45:28Z', 'maxLag': '300', 'investmentType': 'base', 'amount': '2'}
2025-06-28 09:58:43,433 - ERROR - Failed to fetch current price: [Errno 11004] getaddrinfo failed
2025-06-28 09:58:43,434 - INFO - Processing trade message: {'id': 'Buy', 'action': 'buy', 'marketPosition': 'long', 'prevMarketPosition': 'short', 'marketPositionSize': '1', 'prevMarketPositionSize': '1', 'instrument': 'ETHWUSDT', 'signalToken': 'p26q0rz/fkkZW6nU+99/QqX5YBrpddXYNiMruwOrXlT79l/wDDFyI5EkvUtkob6J2kb7DdueXLgB59tPzYqFPA==', 'timestamp': '2025-06-27T20:45:42Z', 'maxLag': '300', 'investmentType': 'base', 'amount': '2'}
2025-06-28 09:58:43,436 - ERROR - Failed to fetch current price: [Errno 11004] getaddrinfo failed
2025-06-28 09:58:43,437 - INFO - Processing trade message: {'id': 'Buy', 'action': 'buy', 'marketPosition': 'long', 'prevMarketPosition': 'short', 'marketPositionSize': '1', 'prevMarketPositionSize': '1', 'instrument': 'LTCUSDT.P', 'signalToken': 'qqzKuyustk1bOuUZYzHe7VRwQwdY49BYVZxCsFmyJuOWDDyRDeEeNM0lZH8DK6hrg0oJWWPnhd0ShG6GEYSu+A==', 'timestamp': '2025-06-27T21:00:00Z', 'maxLag': '300', 'investmentType': 'base', 'amount': '2'}
2025-06-28 09:58:43,439 - ERROR - Failed to fetch current price: [Errno 11004] getaddrinfo failed
2025-06-28 09:58:43,439 - INFO - Processing trade message: {'id': 'Buy', 'action': 'buy', 'marketPosition': 'long', 'prevMarketPosition': 'short', 'marketPositionSize': '1', 'prevMarketPositionSize': '1', 'instrument': 'DOGEUSDT', 'signalToken': 'p26q0rz/fkkZW6nU+99/QqX5YBrpddXYNiMruwOrXlT79l/wDDFyI5EkvUtkob6J2kb7DdueXLgB59tPzYqFPA==', 'timestamp': '2025-06-27T21:00:00Z', 'maxLag': '300', 'investmentType': 'base', 'amount': '2'}
2025-06-28 09:58:43,441 - ERROR - Failed to fetch current price: [Errno 11004] getaddrinfo failed
2025-06-28 09:58:43,442 - INFO - Processing trade message: {'id': 'Buy', 'action': 'buy', 'marketPosition': 'long', 'prevMarketPosition': 'short', 'marketPositionSize': '1', 'prevMarketPositionSize': '3', 'instrument': 'FILUSDT', 'signalToken': 'p26q0rz/fkkZW6nU+99/QqX5YBrpddXYNiMruwOrXlT79l/wDDFyI5EkvUtkob6J2kb7DdueXLgB59tPzYqFPA==', 'timestamp': '2025-06-27T21:00:01Z', 'maxLag': '300', 'investmentType': 'base', 'amount': '4'}
2025-06-28 09:58:43,444 - ERROR - Failed to fetch current price: [Errno 11004] getaddrinfo failed
2025-06-28 09:58:43,445 - INFO - Processing trade message: {'id': 'Buy', 'action': 'buy', 'marketPosition': 'long', 'prevMarketPosition': 'short', 'marketPositionSize': '1', 'prevMarketPositionSize': '1', 'instrument': 'ETCUSDT', 'signalToken': 'p26q0rz/fkkZW6nU+99/QqX5YBrpddXYNiMruwOrXlT79l/wDDFyI5EkvUtkob6J2kb7DdueXLgB59tPzYqFPA==', 'timestamp': '2025-06-27T21:01:00Z', 'maxLag': '300', 'investmentType': 'base', 'amount': '2'}
2025-06-28 09:58:47,013 - ERROR - Failed to fetch current price: [Errno 11004] getaddrinfo failed
2025-06-28 09:58:47,013 - INFO - Processing trade message: {'id': 'Buy', 'action': 'buy', 'marketPosition': 'long', 'prevMarketPosition': 'short', 'marketPositionSize': '1', 'prevMarketPositionSize': '1', 'instrument': 'ENAUSDT', 'signalToken': 'p26q0rz/fkkZW6nU+99/QqX5YBrpddXYNiMruwOrXlT79l/wDDFyI5EkvUtkob6J2kb7DdueXLgB59tPzYqFPA==', 'timestamp': '2025-06-27T21:15:02Z', 'maxLag': '300', 'investmentType': 'base', 'amount': '2'}
2025-06-28 09:58:47,014 - ERROR - Failed to fetch current price: [Errno 11004] getaddrinfo failed
2025-06-28 09:58:47,015 - INFO - Processing trade message: {'id': 'Buy', 'action': 'buy', 'marketPosition': 'long', 'prevMarketPosition': 'short', 'marketPositionSize': '1', 'prevMarketPositionSize': '1', 'instrument': 'AAVEUSDT.P', 'signalToken': 'p26q0rz/fkkZW6nU+99/QqX5YBrpddXYNiMruwOrXlT79l/wDDFyI5EkvUtkob6J2kb7DdueXLgB59tPzYqFPA==', 'timestamp': '2025-06-27T21:30:00Z', 'maxLag': '300', 'investmentType': 'base', 'amount': '2'}
2025-06-28 09:58:47,016 - ERROR - Failed to fetch current price: [Errno 11004] getaddrinfo failed
2025-06-28 09:58:47,016 - INFO - Processing trade message: {'id': 'Buy', 'action': 'buy', 'marketPosition': 'long', 'prevMarketPosition': 'long', 'marketPositionSize': '4', 'prevMarketPositionSize': '3', 'instrument': 'AI16ZUSDT', 'signalToken': 'p26q0rz/fkkZW6nU+99/QqX5YBrpddXYNiMruwOrXlT79l/wDDFyI5EkvUtkob6J2kb7DdueXLgB59tPzYqFPA==', 'timestamp': '2025-06-27T21:30:00Z', 'maxLag': '300', 'investmentType': 'base', 'amount': '1'}
2025-06-28 09:58:47,017 - ERROR - Failed to fetch current price: [Errno 11004] getaddrinfo failed
2025-06-28 09:58:47,018 - INFO - Processing trade message: {'id': 'Buy', 'action': 'buy', 'marketPosition': 'long', 'prevMarketPosition': 'short', 'marketPositionSize': '1', 'prevMarketPositionSize': '1', 'instrument': 'LINKUSDT.P', 'signalToken': 'p26q0rz/fkkZW6nU+99/QqX5YBrpddXYNiMruwOrXlT79l/wDDFyI5EkvUtkob6J2kb7DdueXLgB59tPzYqFPA==', 'timestamp': '2025-06-27T21:30:01Z', 'maxLag': '300', 'investmentType': 'base', 'amount': '2'}
2025-06-28 09:58:47,019 - ERROR - Failed to fetch current price: [Errno 11004] getaddrinfo failed
2025-06-28 09:58:47,019 - INFO - Processing trade message: {'id': 'Buy', 'action': 'buy', 'marketPosition': 'long', 'prevMarketPosition': 'short', 'marketPositionSize': '1', 'prevMarketPositionSize': '1', 'instrument': 'ATOMUSDT', 'signalToken': 'p26q0rz/fkkZW6nU+99/QqX5YBrpddXYNiMruwOrXlT79l/wDDFyI5EkvUtkob6J2kb7DdueXLgB59tPzYqFPA==', 'timestamp': '2025-06-27T21:30:12Z', 'maxLag': '300', 'investmentType': 'base', 'amount': '2'}
2025-06-28 09:59:09,255 - ERROR - Failed to fetch current price: [Errno 11004] getaddrinfo failed
2025-06-28 09:59:09,256 - INFO - Processing trade message: {'id': 'Sell', 'action': 'sell', 'marketPosition': 'short', 'prevMarketPosition': 'long', 'marketPositionSize': '1', 'prevMarketPositionSize': '1', 'instrument': 'ZECUSDT', 'signalToken': 'p26q0rz/fkkZW6nU+99/QqX5YBrpddXYNiMruwOrXlT79l/wDDFyI5EkvUtkob6J2kb7DdueXLgB59tPzYqFPA==', 'timestamp': '2025-06-27T22:15:26Z', 'maxLag': '300', 'investmentType': 'base', 'amount': '2'}
2025-06-28 09:59:09,258 - ERROR - Failed to fetch current price: [Errno 11004] getaddrinfo failed
2025-06-28 09:59:09,258 - INFO - Processing trade message: {'id': 'Sell', 'action': 'sell', 'marketPosition': 'short', 'prevMarketPosition': 'long', 'marketPositionSize': '1', 'prevMarketPositionSize': '1', 'instrument': 'AAVEUSDT.P', 'signalToken': 'p26q0rz/fkkZW6nU+99/QqX5YBrpddXYNiMruwOrXlT79l/wDDFyI5EkvUtkob6J2kb7DdueXLgB59tPzYqFPA==', 'timestamp': '2025-06-27T22:30:00Z', 'maxLag': '300', 'investmentType': 'base', 'amount': '2'}
2025-06-28 09:59:13,982 - ERROR - Failed to fetch current price: [Errno 11004] getaddrinfo failed
2025-06-28 09:59:13,982 - INFO - Processing trade message: {'id': 'Buy', 'action': 'buy', 'marketPosition': 'long', 'prevMarketPosition': 'short', 'marketPositionSize': '1', 'prevMarketPositionSize': '1', 'instrument': 'TRUMPUSDT', 'signalToken': 'p26q0rz/fkkZW6nU+99/QqX5YBrpddXYNiMruwOrXlT79l/wDDFyI5EkvUtkob6J2kb7DdueXLgB59tPzYqFPA==', 'timestamp': '2025-06-27T23:00:01Z', 'maxLag': '300', 'investmentType': 'base', 'amount': '2'}
2025-06-28 09:59:13,984 - ERROR - Failed to fetch current price: [Errno 11004] getaddrinfo failed
2025-06-28 09:59:13,984 - INFO - Processing trade message: {'id': 'Sell', 'action': 'sell', 'marketPosition': 'short', 'prevMarketPosition': 'long', 'marketPositionSize': '1', 'prevMarketPositionSize': '1', 'instrument': 'OKBUSDT', 'signalToken': 'p26q0rz/fkkZW6nU+99/QqX5YBrpddXYNiMruwOrXlT79l/wDDFyI5EkvUtkob6J2kb7DdueXLgB59tPzYqFPA==', 'timestamp': '2025-06-27T23:00:07Z', 'maxLag': '300', 'investmentType': 'base', 'amount': '2'}
2025-06-28 09:59:17,590 - ERROR - Failed to fetch current price: [Errno 11004] getaddrinfo failed
2025-06-28 09:59:17,590 - INFO - Processing trade message: {'id': 'Sell', 'action': 'sell', 'marketPosition': 'short', 'prevMarketPosition': 'short', 'marketPositionSize': '2', 'prevMarketPositionSize': '1', 'instrument': 'AIXBTUSDT', 'signalToken': 'p26q0rz/fkkZW6nU+99/QqX5YBrpddXYNiMruwOrXlT79l/wDDFyI5EkvUtkob6J2kb7DdueXLgB59tPzYqFPA==', 'timestamp': '2025-06-27T23:15:00Z', 'maxLag': '300', 'investmentType': 'base', 'amount': '1'}
2025-06-28 09:59:17,592 - ERROR - Failed to fetch current price: [Errno 11004] getaddrinfo failed
2025-06-28 09:59:17,592 - INFO - Processing trade message: {'id': 'Sell', 'action': 'sell', 'marketPosition': 'short', 'prevMarketPosition': 'long', 'marketPositionSize': '1', 'prevMarketPositionSize': '1', 'instrument': 'FLOKIUSDT', 'signalToken': 'p26q0rz/fkkZW6nU+99/QqX5YBrpddXYNiMruwOrXlT79l/wDDFyI5EkvUtkob6J2kb7DdueXLgB59tPzYqFPA==', 'timestamp': '2025-06-27T23:30:47Z', 'maxLag': '300', 'investmentType': 'base', 'amount': '2'}
2025-06-28 09:59:22,381 - ERROR - Failed to fetch current price: [Errno 11004] getaddrinfo failed
2025-06-28 09:59:22,382 - INFO - Processing trade message: {'id': 'Buy', 'action': 'buy', 'marketPosition': 'long', 'prevMarketPosition': 'long', 'marketPositionSize': '2', 'prevMarketPositionSize': '1', 'instrument': 'JASMYUSDT', 'signalToken': 'p26q0rz/fkkZW6nU+99/QqX5YBrpddXYNiMruwOrXlT79l/wDDFyI5EkvUtkob6J2kb7DdueXLgB59tPzYqFPA==', 'timestamp': '2025-06-28T00:00:00Z', 'maxLag': '300', 'investmentType': 'base', 'amount': '1'}
2025-06-28 09:59:26,272 - ERROR - Failed to fetch current price: [Errno 11004] getaddrinfo failed
2025-06-28 09:59:26,272 - INFO - Processing trade message: {'id': 'Buy', 'action': 'buy', 'marketPosition': 'long', 'prevMarketPosition': 'short', 'marketPositionSize': '0.1', 'prevMarketPositionSize': '0.1', 'instrument': 'AAVEUSDT.P', 'signalToken': 'p26q0rz/fkkZW6nU+99/QqX5YBrpddXYNiMruwOrXlT79l/wDDFyI5EkvUtkob6J2kb7DdueXLgB59tPzYqFPA==', 'timestamp': '2025-06-28T00:00:00Z', 'maxLag': '300', 'investmentType': 'base', 'amount': '0.2'}
2025-06-28 09:59:26,274 - ERROR - Failed to fetch current price: [Errno 11004] getaddrinfo failed
2025-06-28 09:59:26,274 - INFO - Processing trade message: {'id': 'Buy', 'action': 'buy', 'marketPosition': 'long', 'prevMarketPosition': 'short', 'marketPositionSize': '1', 'prevMarketPositionSize': '1', 'instrument': 'FLOKIUSDT', 'signalToken': 'p26q0rz/fkkZW6nU+99/QqX5YBrpddXYNiMruwOrXlT79l/wDDFyI5EkvUtkob6J2kb7DdueXLgB59tPzYqFPA==', 'timestamp': '2025-06-28T00:00:18Z', 'maxLag': '300', 'investmentType': 'base', 'amount': '2'}
2025-06-28 09:59:45,702 - ERROR - Failed to fetch current price: [Errno 11004] getaddrinfo failed
2025-06-28 09:59:45,703 - INFO - Processing trade message: {'id': 'Sell', 'action': 'sell', 'marketPosition': 'short', 'prevMarketPosition': 'long', 'marketPositionSize': '1', 'prevMarketPositionSize': '1', 'instrument': 'ETCUSDT', 'signalToken': 'p26q0rz/fkkZW6nU+99/QqX5YBrpddXYNiMruwOrXlT79l/wDDFyI5EkvUtkob6J2kb7DdueXLgB59tPzYqFPA==', 'timestamp': '2025-06-28T01:15:02Z', 'maxLag': '300', 'investmentType': 'base', 'amount': '2'}
2025-06-28 09:59:49,728 - ERROR - Failed to fetch current price: [Errno 11004] getaddrinfo failed
2025-06-28 09:59:49,729 - INFO - Processing trade message: {'id': 'Buy', 'action': 'buy', 'marketPosition': 'long', 'prevMarketPosition': 'long', 'marketPositionSize': '2', 'prevMarketPositionSize': '1', 'instrument': 'DOGEUSDT', 'signalToken': 'p26q0rz/fkkZW6nU+99/QqX5YBrpddXYNiMruwOrXlT79l/wDDFyI5EkvUtkob6J2kb7DdueXLgB59tPzYqFPA==', 'timestamp': '2025-06-28T01:45:09Z', 'maxLag': '300', 'investmentType': 'base', 'amount': '1'}
2025-06-28 10:00:53,602 - ERROR - Failed to fetch current price: [Errno 11004] getaddrinfo failed
2025-06-28 10:00:53,603 - INFO - Processing trade message: {'id': 'Buy', 'action': 'buy', 'marketPosition': 'long', 'prevMarketPosition': 'short', 'marketPositionSize': '1', 'prevMarketPositionSize': '2', 'instrument': 'AIXBTUSDT', 'signalToken': 'p26q0rz/fkkZW6nU+99/QqX5YBrpddXYNiMruwOrXlT79l/wDDFyI5EkvUtkob6J2kb7DdueXLgB59tPzYqFPA==', 'timestamp': '2025-06-28T02:00:00Z', 'maxLag': '300', 'investmentType': 'base', 'amount': '3'}
2025-06-28 10:00:53,605 - ERROR - Failed to fetch current price: [Errno 11004] getaddrinfo failed
2025-06-28 10:00:53,605 - INFO - Processing trade message: {'id': 'Buy', 'action': 'buy', 'marketPosition': 'long', 'prevMarketPosition': 'short', 'marketPositionSize': '1', 'prevMarketPositionSize': '2', 'instrument': 'INJUSDT', 'signalToken': 'p26q0rz/fkkZW6nU+99/QqX5YBrpddXYNiMruwOrXlT79l/wDDFyI5EkvUtkob6J2kb7DdueXLgB59tPzYqFPA==', 'timestamp': '2025-06-28T02:00:02Z', 'maxLag': '300', 'investmentType': 'base', 'amount': '3'}
2025-06-28 10:15:17,483 - ERROR - Failed to fetch current price: [Errno 11004] getaddrinfo failed
2025-06-28 10:15:17,484 - INFO - Processing trade message: {'id': 'Buy', 'action': 'buy', 'marketPosition': 'long', 'prevMarketPosition': 'long', 'marketPositionSize': '3', 'prevMarketPositionSize': '2', 'instrument': 'APTUSDT', 'signalToken': 'p26q0rz/fkkZW6nU+99/QqX5YBrpddXYNiMruwOrXlT79l/wDDFyI5EkvUtkob6J2kb7DdueXLgB59tPzYqFPA==', 'timestamp': '2025-06-28T02:15:00Z', 'maxLag': '300', 'investmentType': 'base', 'amount': '1'}
2025-06-28 10:31:41,807 - ERROR - Failed to fetch current price: [Errno 11004] getaddrinfo failed
2025-06-28 10:31:41,807 - INFO - Processing trade message: {'id': 'Buy', 'action': 'buy', 'marketPosition': 'long', 'prevMarketPosition': 'short', 'marketPositionSize': '1', 'prevMarketPositionSize': '1', 'instrument': 'ETCUSDT', 'signalToken': 'p26q0rz/fkkZW6nU+99/QqX5YBrpddXYNiMruwOrXlT79l/wDDFyI5EkvUtkob6J2kb7DdueXLgB59tPzYqFPA==', 'timestamp': '2025-06-28T02:31:25Z', 'maxLag': '300', 'investmentType': 'base', 'amount': '2'}
2025-06-28 10:46:14,817 - ERROR - Failed to fetch current price: [Errno 11004] getaddrinfo failed
2025-06-28 10:46:14,818 - INFO - Processing trade message: {'id': 'Buy', 'action': 'buy', 'marketPosition': 'long', 'prevMarketPosition': 'short', 'marketPositionSize': '1', 'prevMarketPositionSize': '3', 'instrument': 'SUIUSDT', 'signalToken': 'OPTION202505001', 'timestamp': '2025-06-28T02:45:05Z', 'maxLag': '300', 'investmentType': 'base', 'amount': '4', 'price': '2.7059', 'exchange': 'OKX', 'timeframe': '15', 'sendToTelegram': 'true', 'sendToX': 'true', 'extend': ''}
2025-06-28 10:46:14,820 - ERROR - Failed to fetch current price: [Errno 11004] getaddrinfo failed
2025-06-28 10:46:14,820 - INFO - Processing trade message: {'id': 'Sell', 'action': 'sell', 'marketPosition': 'short', 'prevMarketPosition': 'long', 'marketPositionSize': '1', 'prevMarketPositionSize': '3', 'instrument': 'APTUSDT', 'signalToken': 'p26q0rz/fkkZW6nU+99/QqX5YBrpddXYNiMruwOrXlT79l/wDDFyI5EkvUtkob6J2kb7DdueXLgB59tPzYqFPA==', 'timestamp': '2025-06-28T02:45:13Z', 'maxLag': '300', 'investmentType': 'base', 'amount': '4'}
2025-06-28 11:00:40,294 - ERROR - Failed to fetch current price: [Errno 11004] getaddrinfo failed
2025-06-28 11:00:40,295 - INFO - Processing trade message: {'id': 'Sell', 'action': 'sell', 'marketPosition': 'short', 'prevMarketPosition': 'long', 'marketPositionSize': '1', 'prevMarketPositionSize': '1', 'instrument': 'INJUSDT', 'signalToken': 'p26q0rz/fkkZW6nU+99/QqX5YBrpddXYNiMruwOrXlT79l/wDDFyI5EkvUtkob6J2kb7DdueXLgB59tPzYqFPA==', 'timestamp': '2025-06-28T03:00:03Z', 'maxLag': '300', 'investmentType': 'base', 'amount': '2'}
2025-06-28 11:31:54,824 - ERROR - Failed to fetch current price: [Errno 11004] getaddrinfo failed
2025-06-28 11:31:54,825 - INFO - Processing trade message: {'id': 'Sell', 'action': 'sell', 'marketPosition': 'short', 'prevMarketPosition': 'long', 'marketPositionSize': '1', 'prevMarketPositionSize': '1', 'instrument': 'ARUSDT', 'signalToken': 'p26q0rz/fkkZW6nU+99/QqX5YBrpddXYNiMruwOrXlT79l/wDDFyI5EkvUtkob6J2kb7DdueXLgB59tPzYqFPA==', 'timestamp': '2025-06-28T03:30:00Z', 'maxLag': '300', 'investmentType': 'base', 'amount': '2'}
2025-06-28 11:31:54,826 - ERROR - Failed to fetch current price: [Errno 11004] getaddrinfo failed
2025-06-28 11:31:54,827 - INFO - Processing trade message: {'id': 'Buy', 'action': 'buy', 'marketPosition': 'long', 'prevMarketPosition': 'short', 'marketPositionSize': '1', 'prevMarketPositionSize': '1', 'instrument': 'PEPEUSDT', 'signalToken': 'p26q0rz/fkkZW6nU+99/QqX5YBrpddXYNiMruwOrXlT79l/wDDFyI5EkvUtkob6J2kb7DdueXLgB59tPzYqFPA==', 'timestamp': '2025-06-28T03:30:05Z', 'maxLag': '300', 'investmentType': 'base', 'amount': '2'}
2025-06-28 12:00:54,857 - ERROR - Failed to fetch current price: [Errno 11004] getaddrinfo failed
2025-06-28 12:00:54,857 - INFO - Processing trade message: {'id': 'Buy', 'action': 'buy', 'marketPosition': 'long', 'prevMarketPosition': 'short', 'marketPositionSize': '1', 'prevMarketPositionSize': '1', 'instrument': 'XRPUSDT', 'signalToken': 'p26q0rz/fkkZW6nU+99/QqX5YBrpddXYNiMruwOrXlT79l/wDDFyI5EkvUtkob6J2kb7DdueXLgB59tPzYqFPA==', 'timestamp': '2025-06-28T04:00:03Z', 'maxLag': '300', 'investmentType': 'base', 'amount': '2'}
2025-06-28 12:00:54,859 - ERROR - Failed to fetch current price: [Errno 11004] getaddrinfo failed
2025-06-28 12:00:54,859 - INFO - Processing trade message: {'id': 'Sell', 'action': 'sell', 'marketPosition': 'short', 'prevMarketPosition': 'long', 'marketPositionSize': '1', 'prevMarketPositionSize': '1', 'instrument': 'ARBUSDT', 'signalToken': 'p26q0rz/fkkZW6nU+99/QqX5YBrpddXYNiMruwOrXlT79l/wDDFyI5EkvUtkob6J2kb7DdueXLgB59tPzYqFPA==', 'timestamp': '2025-06-28T04:00:03Z', 'maxLag': '300', 'investmentType': 'base', 'amount': '2'}
2025-06-28 12:17:31,155 - ERROR - Failed to fetch current price: [Errno 11004] getaddrinfo failed
2025-06-28 12:17:31,156 - INFO - Processing trade message: {'id': 'Sell', 'action': 'sell', 'marketPosition': 'short', 'prevMarketPosition': 'long', 'marketPositionSize': '1', 'prevMarketPositionSize': '1', 'instrument': 'ETCUSDT', 'signalToken': 'p26q0rz/fkkZW6nU+99/QqX5YBrpddXYNiMruwOrXlT79l/wDDFyI5EkvUtkob6J2kb7DdueXLgB59tPzYqFPA==', 'timestamp': '2025-06-28T04:15:53Z', 'maxLag': '300', 'investmentType': 'base', 'amount': '2'}
2025-06-28 12:31:56,767 - ERROR - Failed to fetch current price: [Errno 11004] getaddrinfo failed
2025-06-28 12:31:56,768 - INFO - Processing trade message: {'id': 'Sell', 'action': 'sell', 'marketPosition': 'short', 'prevMarketPosition': 'short', 'marketPositionSize': '3', 'prevMarketPositionSize': '2', 'instrument': 'FETUSDT', 'signalToken': 'p26q0rz/fkkZW6nU+99/QqX5YBrpddXYNiMruwOrXlT79l/wDDFyI5EkvUtkob6J2kb7DdueXLgB59tPzYqFPA==', 'timestamp': '2025-06-28T04:30:01Z', 'maxLag': '300', 'investmentType': 'base', 'amount': '1'}
2025-06-28 12:31:56,769 - ERROR - Failed to fetch current price: [Errno 11004] getaddrinfo failed
2025-06-28 12:31:56,769 - INFO - Processing trade message: {'id': 'Sell', 'action': 'sell', 'marketPosition': 'short', 'prevMarketPosition': 'long', 'marketPositionSize': '1', 'prevMarketPositionSize': '1', 'instrument': 'FLOKIUSDT', 'signalToken': 'p26q0rz/fkkZW6nU+99/QqX5YBrpddXYNiMruwOrXlT79l/wDDFyI5EkvUtkob6J2kb7DdueXLgB59tPzYqFPA==', 'timestamp': '2025-06-28T04:30:17Z', 'maxLag': '300', 'investmentType': 'base', 'amount': '2'}
2025-06-28 12:31:56,771 - ERROR - Failed to fetch current price: [Errno 11004] getaddrinfo failed
2025-06-28 12:31:56,771 - INFO - Processing trade message: {'id': 'Sell', 'action': 'sell', 'marketPosition': 'short', 'prevMarketPosition': 'long', 'marketPositionSize': '1', 'prevMarketPositionSize': '1', 'instrument': 'BCHUSDT', 'signalToken': 'p26q0rz/fkkZW6nU+99/QqX5YBrpddXYNiMruwOrXlT79l/wDDFyI5EkvUtkob6J2kb7DdueXLgB59tPzYqFPA==', 'timestamp': '2025-06-28T04:30:30Z', 'maxLag': '300', 'investmentType': 'base', 'amount': '2'}
2025-06-28 12:46:22,359 - ERROR - Failed to fetch current price: [Errno 11004] getaddrinfo failed
2025-06-28 12:46:22,360 - INFO - Processing trade message: {'id': 'Sell', 'action': 'sell', 'marketPosition': 'short', 'prevMarketPosition': 'long', 'marketPositionSize': '1', 'prevMarketPositionSize': '1', 'instrument': 'FILUSDT', 'signalToken': 'p26q0rz/fkkZW6nU+99/QqX5YBrpddXYNiMruwOrXlT79l/wDDFyI5EkvUtkob6J2kb7DdueXLgB59tPzYqFPA==', 'timestamp': '2025-06-28T04:45:06Z', 'maxLag': '300', 'investmentType': 'base', 'amount': '2'}
2025-06-28 12:46:22,362 - ERROR - Failed to fetch current price: [Errno 11004] getaddrinfo failed
2025-06-28 12:46:22,362 - INFO - Processing trade message: {'id': 'Sell', 'action': 'sell', 'marketPosition': 'short', 'prevMarketPosition': 'long', 'marketPositionSize': '1', 'prevMarketPositionSize': '2', 'instrument': 'PNUTUSDT', 'signalToken': 'p26q0rz/fkkZW6nU+99/QqX5YBrpddXYNiMruwOrXlT79l/wDDFyI5EkvUtkob6J2kb7DdueXLgB59tPzYqFPA==', 'timestamp': '2025-06-28T04:45:16Z', 'maxLag': '300', 'investmentType': 'base', 'amount': '3'}
2025-06-28 13:00:52,290 - ERROR - Failed to fetch current price: [Errno 11004] getaddrinfo failed
2025-06-28 13:00:52,291 - INFO - Processing trade message: {'id': 'Sell', 'action': 'sell', 'marketPosition': 'short', 'prevMarketPosition': 'long', 'marketPositionSize': '1', 'prevMarketPositionSize': '1', 'instrument': 'ENAUSDT', 'signalToken': 'p26q0rz/fkkZW6nU+99/QqX5YBrpddXYNiMruwOrXlT79l/wDDFyI5EkvUtkob6J2kb7DdueXLgB59tPzYqFPA==', 'timestamp': '2025-06-28T05:00:02Z', 'maxLag': '300', 'investmentType': 'base', 'amount': '2'}
2025-06-28 13:00:52,295 - ERROR - Failed to fetch current price: [Errno 11004] getaddrinfo failed
2025-06-28 13:00:52,295 - INFO - Processing trade message: {'id': 'Sell', 'action': 'sell', 'marketPosition': 'short', 'prevMarketPosition': 'long', 'marketPositionSize': '1', 'prevMarketPositionSize': '1', 'instrument': 'ETCUSDT.P', 'signalToken': 'qqzKuyustk1bOuUZYzHe7VRwQwdY49BYVZxCsFmyJuOWDDyRDeEeNM0lZH8DK6hrg0oJWWPnhd0ShG6GEYSu+A==', 'timestamp': '2025-06-28T05:00:01Z', 'maxLag': '300', 'investmentType': 'base', 'amount': '2'}
2025-06-28 13:00:52,297 - ERROR - Failed to fetch current price: [Errno 11004] getaddrinfo failed
2025-06-28 13:00:52,298 - INFO - Processing trade message: {'id': 'Sell', 'action': 'sell', 'marketPosition': 'short', 'prevMarketPosition': 'short', 'marketPositionSize': '2', 'prevMarketPositionSize': '1', 'instrument': 'OPUSDT', 'signalToken': 'p26q0rz/fkkZW6nU+99/QqX5YBrpddXYNiMruwOrXlT79l/wDDFyI5EkvUtkob6J2kb7DdueXLgB59tPzYqFPA==', 'timestamp': '2025-06-28T05:00:04Z', 'maxLag': '300', 'investmentType': 'base', 'amount': '1'}
2025-06-28 13:00:52,301 - ERROR - Failed to fetch current price: [Errno 11004] getaddrinfo failed
2025-06-28 13:00:52,301 - INFO - Processing trade message: {'id': 'Sell', 'action': 'sell', 'marketPosition': 'short', 'prevMarketPosition': 'long', 'marketPositionSize': '1', 'prevMarketPositionSize': '2', 'instrument': 'OPUSDT', 'signalToken': 'p26q0rz/fkkZW6nU+99/QqX5YBrpddXYNiMruwOrXlT79l/wDDFyI5EkvUtkob6J2kb7DdueXLgB59tPzYqFPA==', 'timestamp': '2025-06-28T05:00:04Z', 'maxLag': '300', 'investmentType': 'base', 'amount': '3'}
2025-06-28 13:00:52,303 - ERROR - Failed to fetch current price: [Errno 11004] getaddrinfo failed
2025-06-28 13:00:52,303 - INFO - Processing trade message: {'id': 'Sell', 'action': 'sell', 'marketPosition': 'short', 'prevMarketPosition': 'short', 'marketPositionSize': '2', 'prevMarketPositionSize': '1', 'instrument': 'TIAUSDT', 'signalToken': 'p26q0rz/fkkZW6nU+99/QqX5YBrpddXYNiMruwOrXlT79l/wDDFyI5EkvUtkob6J2kb7DdueXLgB59tPzYqFPA==', 'timestamp': '2025-06-28T05:00:23Z', 'maxLag': '300', 'investmentType': 'base', 'amount': '1'}
2025-06-28 13:15:27,516 - ERROR - Failed to fetch current price: [Errno 11004] getaddrinfo failed
2025-06-28 13:15:27,516 - INFO - Processing trade message: {'id': 'Buy', 'action': 'buy', 'marketPosition': 'long', 'prevMarketPosition': 'long', 'marketPositionSize': '5', 'prevMarketPositionSize': '4', 'instrument': 'AI16ZUSDT', 'signalToken': 'p26q0rz/fkkZW6nU+99/QqX5YBrpddXYNiMruwOrXlT79l/wDDFyI5EkvUtkob6J2kb7DdueXLgB59tPzYqFPA==', 'timestamp': '2025-06-28T05:15:00Z', 'maxLag': '300', 'investmentType': 'base', 'amount': '1'}
2025-06-28 13:15:27,518 - ERROR - Failed to fetch current price: [Errno 11004] getaddrinfo failed
2025-06-28 13:15:27,519 - INFO - Processing trade message: {'id': 'Buy', 'action': 'buy', 'marketPosition': 'long', 'prevMarketPosition': 'long', 'marketPositionSize': '5', 'prevMarketPositionSize': '4', 'instrument': 'BONKUSDT.P', 'signalToken': 'p26q0rz/fkkZW6nU+99/QqX5YBrpddXYNiMruwOrXlT79l/wDDFyI5EkvUtkob6J2kb7DdueXLgB59tPzYqFPA==', 'timestamp': '2025-06-28T05:15:00Z', 'maxLag': '300', 'investmentType': 'base', 'amount': '1'}
2025-06-28 13:15:27,521 - ERROR - Failed to fetch current price: [Errno 11004] getaddrinfo failed
2025-06-28 13:15:27,521 - INFO - Processing trade message: {'id': 'Buy', 'action': 'buy', 'marketPosition': 'long', 'prevMarketPosition': 'short', 'marketPositionSize': '1', 'prevMarketPositionSize': '1', 'instrument': 'ENAUSDT', 'signalToken': 'p26q0rz/fkkZW6nU+99/QqX5YBrpddXYNiMruwOrXlT79l/wDDFyI5EkvUtkob6J2kb7DdueXLgB59tPzYqFPA==', 'timestamp': '2025-06-28T05:15:04Z', 'maxLag': '300', 'investmentType': 'base', 'amount': '2'}
2025-06-28 13:15:27,523 - ERROR - Failed to fetch current price: [Errno 11004] getaddrinfo failed
2025-06-28 13:15:27,523 - INFO - Processing trade message: {'id': 'Buy', 'action': 'buy', 'marketPosition': 'long', 'prevMarketPosition': 'long', 'marketPositionSize': '2', 'prevMarketPositionSize': '1', 'instrument': 'AIXBTUSDT', 'signalToken': 'p26q0rz/fkkZW6nU+99/QqX5YBrpddXYNiMruwOrXlT79l/wDDFyI5EkvUtkob6J2kb7DdueXLgB59tPzYqFPA==', 'timestamp': '2025-06-28T05:15:00Z', 'maxLag': '300', 'investmentType': 'base', 'amount': '1'}
2025-06-28 13:15:27,525 - ERROR - Failed to fetch current price: [Errno 11004] getaddrinfo failed
2025-06-28 13:15:27,526 - INFO - Processing trade message: {'id': 'Buy', 'action': 'buy', 'marketPosition': 'long', 'prevMarketPosition': 'short', 'marketPositionSize': '1', 'prevMarketPositionSize': '1', 'instrument': 'FLOKIUSDT', 'signalToken': 'p26q0rz/fkkZW6nU+99/QqX5YBrpddXYNiMruwOrXlT79l/wDDFyI5EkvUtkob6J2kb7DdueXLgB59tPzYqFPA==', 'timestamp': '2025-06-28T05:15:17Z', 'maxLag': '300', 'investmentType': 'base', 'amount': '2'}
2025-06-28 13:15:39,731 - ERROR - Failed to fetch current price: [Errno 11004] getaddrinfo failed
2025-06-28 13:15:39,732 - INFO - Processing trade message: {'id': 'Buy', 'action': 'buy', 'marketPosition': 'long', 'prevMarketPosition': 'short', 'marketPositionSize': '1', 'prevMarketPositionSize': '1', 'instrument': 'OPUSDT', 'signalToken': 'p26q0rz/fkkZW6nU+99/QqX5YBrpddXYNiMruwOrXlT79l/wDDFyI5EkvUtkob6J2kb7DdueXLgB59tPzYqFPA==', 'timestamp': '2025-06-28T05:15:02Z', 'maxLag': '300', 'investmentType': 'base', 'amount': '2'}
2025-06-28 13:15:39,734 - ERROR - Failed to fetch current price: [Errno 11004] getaddrinfo failed
2025-06-28 13:15:39,735 - INFO - Processing trade message: {'id': 'Buy', 'action': 'buy', 'marketPosition': 'long', 'prevMarketPosition': 'short', 'marketPositionSize': '1', 'prevMarketPositionSize': '1', 'instrument': 'PNUTUSDT', 'signalToken': 'p26q0rz/fkkZW6nU+99/QqX5YBrpddXYNiMruwOrXlT79l/wDDFyI5EkvUtkob6J2kb7DdueXLgB59tPzYqFPA==', 'timestamp': '2025-06-28T05:15:25Z', 'maxLag': '300', 'investmentType': 'base', 'amount': '2'}
2025-06-28 13:19:46,199 - ERROR - Failed to fetch current price: [Errno 11004] getaddrinfo failed
2025-06-28 13:19:46,200 - INFO - Processing trade message: {'id': 'Buy', 'action': 'buy', 'marketPosition': 'long', 'prevMarketPosition': 'short', 'marketPositionSize': '1', 'prevMarketPositionSize': '2', 'instrument': 'TIAUSDT', 'signalToken': 'p26q0rz/fkkZW6nU+99/QqX5YBrpddXYNiMruwOrXlT79l/wDDFyI5EkvUtkob6J2kb7DdueXLgB59tPzYqFPA==', 'timestamp': '2025-06-28T05:17:51Z', 'maxLag': '300', 'investmentType': 'base', 'amount': '3'}
2025-06-28 14:01:10,068 - ERROR - Failed to fetch current price: [Errno 11004] getaddrinfo failed
2025-06-28 14:01:10,070 - INFO - Processing trade message: {'id': 'Sell', 'action': 'sell', 'marketPosition': 'short', 'prevMarketPosition': 'long', 'marketPositionSize': '0.1', 'prevMarketPositionSize': '0.1', 'instrument': 'AAVEUSDT.P', 'signalToken': 'p26q0rz/fkkZW6nU+99/QqX5YBrpddXYNiMruwOrXlT79l/wDDFyI5EkvUtkob6J2kb7DdueXLgB59tPzYqFPA==', 'timestamp': '2025-06-28T06:00:00Z', 'maxLag': '300', 'investmentType': 'base', 'amount': '0.2'}
2025-06-28 14:46:38,015 - ERROR - Failed to fetch current price: [Errno 11004] getaddrinfo failed
2025-06-28 14:46:38,016 - INFO - Processing trade message: {'id': 'Sell', 'action': 'sell', 'marketPosition': 'short', 'prevMarketPosition': 'long', 'marketPositionSize': '1', 'prevMarketPositionSize': '2', 'instrument': 'AIXBTUSDT', 'signalToken': 'p26q0rz/fkkZW6nU+99/QqX5YBrpddXYNiMruwOrXlT79l/wDDFyI5EkvUtkob6J2kb7DdueXLgB59tPzYqFPA==', 'timestamp': '2025-06-28T06:45:00Z', 'maxLag': '300', 'investmentType': 'base', 'amount': '3'}
2025-06-28 15:30:07,445 - ERROR - Failed to fetch current price: [Errno 11004] getaddrinfo failed
2025-06-28 15:30:07,448 - INFO - Processing trade message: {'id': 'Sell', 'action': 'sell', 'marketPosition': 'short', 'prevMarketPosition': 'long', 'marketPositionSize': '1', 'prevMarketPositionSize': '1', 'instrument': 'TRUMPUSDT', 'signalToken': 'p26q0rz/fkkZW6nU+99/QqX5YBrpddXYNiMruwOrXlT79l/wDDFyI5EkvUtkob6J2kb7DdueXLgB59tPzYqFPA==', 'timestamp': '2025-06-28T07:30:04Z', 'maxLag': '300', 'investmentType': 'base', 'amount': '2'}
2025-06-28 15:46:40,808 - ERROR - Failed to fetch current price: [Errno 11004] getaddrinfo failed
2025-06-28 15:46:40,809 - INFO - Processing trade message: {'id': 'Buy', 'action': 'buy', 'marketPosition': 'long', 'prevMarketPosition': 'short', 'marketPositionSize': '1', 'prevMarketPositionSize': '1', 'instrument': 'FILUSDT', 'signalToken': 'p26q0rz/fkkZW6nU+99/QqX5YBrpddXYNiMruwOrXlT79l/wDDFyI5EkvUtkob6J2kb7DdueXLgB59tPzYqFPA==', 'timestamp': '2025-06-28T07:45:54Z', 'maxLag': '300', 'investmentType': 'base', 'amount': '2'}
2025-06-28 16:01:10,223 - ERROR - Failed to fetch current price: [Errno 11004] getaddrinfo failed
2025-06-28 16:01:10,224 - INFO - Processing trade message: {'id': 'Buy', 'action': 'buy', 'marketPosition': 'long', 'prevMarketPosition': 'short', 'marketPositionSize': '0.01', 'prevMarketPositionSize': '0.01', 'instrument': 'ETHUSDT', 'signalToken': 'OPTION202505001', 'timestamp': '2025-06-28T08:00:00Z', 'maxLag': '300', 'investmentType': 'base', 'amount': '0.02'}
2025-06-28 16:01:10,226 - ERROR - Failed to fetch current price: [Errno 11004] getaddrinfo failed
2025-06-28 16:01:10,226 - INFO - Processing trade message: {'id': 'Buy', 'action': 'buy', 'marketPosition': 'long', 'prevMarketPosition': 'short', 'marketPositionSize': '0.01', 'prevMarketPositionSize': '0.01', 'instrument': 'SOLUSDT', 'signalToken': 'p26q0rz/fkkZW6nU+99/QqX5YBrpddXYNiMruwOrXlT79l/wDDFyI5EkvUtkob6J2kb7DdueXLgB59tPzYqFPA==', 'timestamp': '2025-06-28T08:00:00Z', 'maxLag': '300', 'investmentType': 'base', 'amount': '0.02'}
2025-06-28 16:01:10,228 - ERROR - Failed to fetch current price: [Errno 11004] getaddrinfo failed
2025-06-28 16:01:10,228 - INFO - Processing trade message: {'id': 'Buy', 'action': 'buy', 'marketPosition': 'long', 'prevMarketPosition': 'short', 'marketPositionSize': '1', 'prevMarketPositionSize': '1', 'instrument': 'LINKUSDT', 'signalToken': 'p26q0rz/fkkZW6nU+99/QqX5YBrpddXYNiMruwOrXlT79l/wDDFyI5EkvUtkob6J2kb7DdueXLgB59tPzYqFPA==', 'timestamp': '2025-06-28T08:00:04Z', 'maxLag': '300', 'investmentType': 'base', 'amount': '2'}
2025-06-28 16:01:10,229 - ERROR - Failed to fetch current price: [Errno 11004] getaddrinfo failed
2025-06-28 16:01:10,230 - INFO - Processing trade message: {'id': 'Buy', 'action': 'buy', 'marketPosition': 'long', 'prevMarketPosition': 'long', 'marketPositionSize': '2', 'prevMarketPositionSize': '1', 'instrument': 'DOTUSDT', 'signalToken': 'p26q0rz/fkkZW6nU+99/QqX5YBrpddXYNiMruwOrXlT79l/wDDFyI5EkvUtkob6J2kb7DdueXLgB59tPzYqFPA==', 'timestamp': '2025-06-28T08:00:07Z', 'maxLag': '300', 'investmentType': 'base', 'amount': '1'}
2025-06-28 16:01:10,231 - ERROR - Failed to fetch current price: [Errno 11004] getaddrinfo failed
2025-06-28 16:01:10,232 - INFO - Processing trade message: {'id': 'Buy', 'action': 'buy', 'marketPosition': 'long', 'prevMarketPosition': 'short', 'marketPositionSize': '1', 'prevMarketPositionSize': '3', 'instrument': 'FETUSDT', 'signalToken': 'p26q0rz/fkkZW6nU+99/QqX5YBrpddXYNiMruwOrXlT79l/wDDFyI5EkvUtkob6J2kb7DdueXLgB59tPzYqFPA==', 'timestamp': '2025-06-28T08:00:09Z', 'maxLag': '300', 'investmentType': 'base', 'amount': '4'}
2025-06-28 16:01:10,234 - ERROR - Failed to fetch current price: [Errno 11004] getaddrinfo failed
2025-06-28 16:01:10,234 - INFO - Processing trade message: {'id': 'Buy', 'action': 'buy', 'marketPosition': 'long', 'prevMarketPosition': 'long', 'marketPositionSize': '2', 'prevMarketPositionSize': '1', 'instrument': 'ETHWUSDT', 'signalToken': 'p26q0rz/fkkZW6nU+99/QqX5YBrpddXYNiMruwOrXlT79l/wDDFyI5EkvUtkob6J2kb7DdueXLgB59tPzYqFPA==', 'timestamp': '2025-06-28T08:00:09Z', 'maxLag': '300', 'investmentType': 'base', 'amount': '1'}
2025-06-28 16:15:21,248 - ERROR - Failed to fetch current price: [Errno 11004] getaddrinfo failed
2025-06-28 16:15:21,249 - INFO - Processing trade message: {'id': 'Sell', 'action': 'sell', 'marketPosition': 'short', 'prevMarketPosition': 'long', 'marketPositionSize': '1', 'prevMarketPositionSize': '2', 'instrument': 'DOTUSDT', 'signalToken': 'p26q0rz/fkkZW6nU+99/QqX5YBrpddXYNiMruwOrXlT79l/wDDFyI5EkvUtkob6J2kb7DdueXLgB59tPzYqFPA==', 'timestamp': '2025-06-28T08:15:02Z', 'maxLag': '300', 'investmentType': 'base', 'amount': '3'}
2025-06-28 17:00:40,292 - ERROR - Failed to fetch current price: [Errno 11004] getaddrinfo failed
2025-06-28 17:00:40,293 - INFO - Processing trade message: {'id': 'SELL', 'action': 'sell', 'marketPosition': 'short', 'prevMarketPosition': 'short', 'marketPositionSize': '3', 'prevMarketPositionSize': '2', 'instrument': 'JUPUSDT.P', 'signalToken': 'iT2JYOrwvJzTAYrw61TkdZTFk4ngNkmcJVtjnFHfaGSlEinWLl2UwfuwM2k2xGJDukTKQott+PqnIH2IcSn0rA==', 'timestamp': '2025-06-28T09:00:00Z', 'maxLag': '300', 'investmentType': 'base', 'amount': '1'}
2025-06-28 17:17:07,068 - ERROR - Failed to fetch current price: [Errno 11004] getaddrinfo failed
2025-06-28 17:17:07,069 - INFO - Processing trade message: {'id': 'Sell', 'action': 'sell', 'marketPosition': 'short', 'prevMarketPosition': 'long', 'marketPositionSize': '1', 'prevMarketPositionSize': '1', 'instrument': 'NEARUSDT', 'signalToken': 'p26q0rz/fkkZW6nU+99/QqX5YBrpddXYNiMruwOrXlT79l/wDDFyI5EkvUtkob6J2kb7DdueXLgB59tPzYqFPA==', 'timestamp': '2025-06-28T09:15:05Z', 'maxLag': '300', 'investmentType': 'base', 'amount': '2'}
2025-06-28 17:17:07,071 - ERROR - Failed to fetch current price: [Errno 11004] getaddrinfo failed
2025-06-28 17:17:07,071 - INFO - Processing trade message: {'id': 'Sell', 'action': 'sell', 'marketPosition': 'short', 'prevMarketPosition': 'long', 'marketPositionSize': '1', 'prevMarketPositionSize': '1', 'instrument': 'FILUSDT', 'signalToken': 'p26q0rz/fkkZW6nU+99/QqX5YBrpddXYNiMruwOrXlT79l/wDDFyI5EkvUtkob6J2kb7DdueXLgB59tPzYqFPA==', 'timestamp': '2025-06-28T09:15:39Z', 'maxLag': '300', 'investmentType': 'base', 'amount': '2'}
2025-06-28 17:19:07,967 - ERROR - Failed to fetch current price: [Errno 11004] getaddrinfo failed
2025-06-28 17:19:07,968 - INFO - Processing trade message: {'id': 'Sell', 'action': 'sell', 'marketPosition': 'short', 'prevMarketPosition': 'long', 'marketPositionSize': '1', 'prevMarketPositionSize': '2', 'instrument': 'ETHWUSDT', 'signalToken': 'p26q0rz/fkkZW6nU+99/QqX5YBrpddXYNiMruwOrXlT79l/wDDFyI5EkvUtkob6J2kb7DdueXLgB59tPzYqFPA==', 'timestamp': '2025-06-28T09:17:07Z', 'maxLag': '300', 'investmentType': 'base', 'amount': '3'}
2025-06-28 17:35:38,068 - ERROR - Failed to fetch current price: [Errno 11004] getaddrinfo failed
2025-06-28 17:35:38,068 - INFO - Processing trade message: {'id': 'Sell', 'action': 'sell', 'marketPosition': 'short', 'prevMarketPosition': 'short', 'marketPositionSize': '2', 'prevMarketPositionSize': '1', 'instrument': 'OKBUSDT', 'signalToken': 'p26q0rz/fkkZW6nU+99/QqX5YBrpddXYNiMruwOrXlT79l/wDDFyI5EkvUtkob6J2kb7DdueXLgB59tPzYqFPA==', 'timestamp': '2025-06-28T09:34:30Z', 'maxLag': '300', 'investmentType': 'base', 'amount': '1'}
2025-06-28 17:45:52,800 - ERROR - Failed to fetch current price: [Errno 11004] getaddrinfo failed
2025-06-28 17:45:52,801 - INFO - Processing trade message: {'id': 'Buy', 'action': 'buy', 'marketPosition': 'long', 'prevMarketPosition': 'short', 'marketPositionSize': '1', 'prevMarketPositionSize': '1', 'instrument': 'TRUMPUSDT', 'signalToken': 'p26q0rz/fkkZW6nU+99/QqX5YBrpddXYNiMruwOrXlT79l/wDDFyI5EkvUtkob6J2kb7DdueXLgB59tPzYqFPA==', 'timestamp': '2025-06-28T09:45:08Z', 'maxLag': '300', 'investmentType': 'base', 'amount': '2'}
2025-06-28 17:45:52,803 - ERROR - Failed to fetch current price: [Errno 11004] getaddrinfo failed
2025-06-28 17:45:52,803 - INFO - Processing trade message: {'id': 'Buy', 'action': 'buy', 'marketPosition': 'long', 'prevMarketPosition': 'long', 'marketPositionSize': '2', 'prevMarketPositionSize': '1', 'instrument': 'OPUSDT', 'signalToken': 'p26q0rz/fkkZW6nU+99/QqX5YBrpddXYNiMruwOrXlT79l/wDDFyI5EkvUtkob6J2kb7DdueXLgB59tPzYqFPA==', 'timestamp': '2025-06-28T09:45:09Z', 'maxLag': '300', 'investmentType': 'base', 'amount': '1'}
2025-06-28 17:47:54,064 - ERROR - Failed to fetch current price: [Errno 11004] getaddrinfo failed
2025-06-28 17:47:54,064 - INFO - Processing trade message: {'id': 'Buy', 'action': 'buy', 'marketPosition': 'long', 'prevMarketPosition': 'short', 'marketPositionSize': '1', 'prevMarketPositionSize': '1', 'instrument': 'NEARUSDT', 'signalToken': 'p26q0rz/fkkZW6nU+99/QqX5YBrpddXYNiMruwOrXlT79l/wDDFyI5EkvUtkob6J2kb7DdueXLgB59tPzYqFPA==', 'timestamp': '2025-06-28T09:46:08Z', 'maxLag': '300', 'investmentType': 'base', 'amount': '2'}
2025-06-28 18:02:17,583 - ERROR - Failed to fetch current price: [Errno 11004] getaddrinfo failed
2025-06-28 18:02:17,584 - INFO - Processing trade message: {'id': 'Buy', 'action': 'buy', 'marketPosition': 'long', 'prevMarketPosition': 'short', 'marketPositionSize': '1', 'prevMarketPositionSize': '1', 'instrument': 'ARUSDT', 'signalToken': 'p26q0rz/fkkZW6nU+99/QqX5YBrpddXYNiMruwOrXlT79l/wDDFyI5EkvUtkob6J2kb7DdueXLgB59tPzYqFPA==', 'timestamp': '2025-06-28T10:00:55Z', 'maxLag': '300', 'investmentType': 'base', 'amount': '2'}
